生成启动时间为 2015/4/13 16:05:26。
     1>项目“C:\Home\Workspace\rtk_code\RPush\PshClient\libhttp\win32\libhttp.vcxproj”在节点 2 上(Build 个目标)。
     1>ClCompile:
         C:\Program Files (x86)\Microsoft Visual Studio 12.0\VC\bin\CL.exe /c /I./ /I"C:\Program Files (x86)\Visual Leak Detector\include" /ZI /nologo /W3 /WX- /Od /Oy- /D WIN32 /D _DEBUG /D _WINDOWS /D _USRDLL /D LIBHTTP_EXPORTS /D _MBCS /Gm /EHsc /RTC1 /MDd /GS /fp:precise /Zc:wchar_t /Zc:forScope /Fo"Debug\\" /Fd"Debug\vc120.pdb" /Gd /TC /analyze- /errorReport:prompt ..\http_common.c ..\http_excuter.c ..\http_generator.c ..\http_parser.c
         http_parser.c
         http_generator.c
     1>c:\home\workspace\rtk_code\rpush\pshclient\libhttp\http_generator.c(80): warning C4996: 'strcpy': This function or variable may be unsafe. Consider using strcpy_s instead. To disable deprecation, use _CRT_SECURE_NO_WARNINGS. See online help for details.
                 c:\program files (x86)\microsoft visual studio 12.0\vc\include\string.h(112) : 参见“strcpy”的声明
     1>c:\home\workspace\rtk_code\rpush\pshclient\libhttp\http_generator.c(82): warning C4996: 'strcpy': This function or variable may be unsafe. Consider using strcpy_s instead. To disable deprecation, use _CRT_SECURE_NO_WARNINGS. See online help for details.
                 c:\program files (x86)\microsoft visual studio 12.0\vc\include\string.h(112) : 参见“strcpy”的声明
     1>c:\home\workspace\rtk_code\rpush\pshclient\libhttp\http_generator.c(100): warning C4996: 'sprintf': This function or variable may be unsafe. Consider using sprintf_s instead. To disable deprecation, use _CRT_SECURE_NO_WARNINGS. See online help for details.
                 c:\program files (x86)\microsoft visual studio 12.0\vc\include\stdio.h(356) : 参见“sprintf”的声明
     1>c:\home\workspace\rtk_code\rpush\pshclient\libhttp\http_generator.c(122): warning C4996: 'sprintf': This function or variable may be unsafe. Consider using sprintf_s instead. To disable deprecation, use _CRT_SECURE_NO_WARNINGS. See online help for details.
                 c:\program files (x86)\microsoft visual studio 12.0\vc\include\stdio.h(356) : 参见“sprintf”的声明
     1>c:\home\workspace\rtk_code\rpush\pshclient\libhttp\http_generator.c(125): warning C4996: 'sprintf': This function or variable may be unsafe. Consider using sprintf_s instead. To disable deprecation, use _CRT_SECURE_NO_WARNINGS. See online help for details.
                 c:\program files (x86)\microsoft visual studio 12.0\vc\include\stdio.h(356) : 参见“sprintf”的声明
     1>c:\home\workspace\rtk_code\rpush\pshclient\libhttp\http_generator.c(127): warning C4996: 'sprintf': This function or variable may be unsafe. Consider using sprintf_s instead. To disable deprecation, use _CRT_SECURE_NO_WARNINGS. See online help for details.
                 c:\program files (x86)\microsoft visual studio 12.0\vc\include\stdio.h(356) : 参见“sprintf”的声明
     1>c:\home\workspace\rtk_code\rpush\pshclient\libhttp\http_generator.c(130): warning C4996: 'sprintf': This function or variable may be unsafe. Consider using sprintf_s instead. To disable deprecation, use _CRT_SECURE_NO_WARNINGS. See online help for details.
                 c:\program files (x86)\microsoft visual studio 12.0\vc\include\stdio.h(356) : 参见“sprintf”的声明
     1>c:\home\workspace\rtk_code\rpush\pshclient\libhttp\http_generator.c(137): warning C4996: 'sprintf': This function or variable may be unsafe. Consider using sprintf_s instead. To disable deprecation, use _CRT_SECURE_NO_WARNINGS. See online help for details.
                 c:\program files (x86)\microsoft visual studio 12.0\vc\include\stdio.h(356) : 参见“sprintf”的声明
     1>c:\home\workspace\rtk_code\rpush\pshclient\libhttp\http_generator.c(145): warning C4996: 'sprintf': This function or variable may be unsafe. Consider using sprintf_s instead. To disable deprecation, use _CRT_SECURE_NO_WARNINGS. See online help for details.
                 c:\program files (x86)\microsoft visual studio 12.0\vc\include\stdio.h(356) : 参见“sprintf”的声明
     1>c:\home\workspace\rtk_code\rpush\pshclient\libhttp\http_generator.c(148): warning C4996: 'sprintf': This function or variable may be unsafe. Consider using sprintf_s instead. To disable deprecation, use _CRT_SECURE_NO_WARNINGS. See online help for details.
                 c:\program files (x86)\microsoft visual studio 12.0\vc\include\stdio.h(356) : 参见“sprintf”的声明
     1>c:\home\workspace\rtk_code\rpush\pshclient\libhttp\http_generator.c(172): warning C4090: “函数”: 不同的“const”限定符
         http_excuter.c
         http_common.c
         正在生成代码...
       Lib:
         C:\Program Files (x86)\Microsoft Visual Studio 12.0\VC\bin\Lib.exe /OUT:"C:\Home\Workspace\rtk_code\RPush\PshClient\Debug\libhttp.lib" /LIBPATH:"C:\Program Files (x86)\Visual Leak Detector\lib\Win32" /NOLOGO Debug\http_common.obj
         Debug\http_excuter.obj
         Debug\http_generator.obj
         Debug\http_parser.obj
         libhttp.vcxproj -> C:\Home\Workspace\rtk_code\RPush\PshClient\Debug\libhttp.lib
     1>已完成生成项目“C:\Home\Workspace\rtk_code\RPush\PshClient\libhttp\win32\libhttp.vcxproj”(Build 个目标)的操作。

生成成功。

已用时间 00:00:01.53
