This file contains any messages produced by compilers while
running configure, to aid debugging if configure makes a mistake.

It was created by MSCommon configure 1.0.1, which was
generated by GNU Autoconf 2.69.  Invocation command line was

  $ ./configure --prefix=/home/kevin/Projects/Teameeting-MsgServer/MsgServer/build_shell/../MsgServer/MSCommonLib

## --------- ##
## Platform. ##
## --------- ##

hostname = localhost.localdomain
uname -m = x86_64
uname -r = 3.10.0-229.14.1.el7.x86_64
uname -s = Linux
uname -v = #1 SMP Tue Sep 15 15:05:51 UTC 2015

/usr/bin/uname -p = x86_64
/bin/uname -X     = unknown

/bin/arch              = x86_64
/usr/bin/arch -k       = unknown
/usr/convex/getsysinfo = unknown
/usr/bin/hostinfo      = unknown
/bin/machine           = unknown
/usr/bin/oslevel       = unknown
/bin/universe          = unknown

PATH: /home/kevin/depot_tools
PATH: /usr/local/bin
PATH: /usr/local/sbin
PATH: /usr/bin
PATH: /usr/sbin
PATH: /bin
PATH: /sbin
PATH: /home/kevin/.local/bin
PATH: /home/kevin/bin
PATH: /usr/java/jdk1.7.0_80/bin


## ----------- ##
## Core tests. ##
## ----------- ##

configure:2469: checking for a BSD-compatible install
configure:2537: result: /usr/bin/install -c
configure:2548: checking whether build environment is sane
configure:2603: result: yes
configure:2754: checking for a thread-safe mkdir -p
configure:2793: result: /usr/bin/mkdir -p
configure:2800: checking for gawk
configure:2816: found /usr/bin/gawk
configure:2827: result: gawk
configure:2838: checking whether make sets $(MAKE)
configure:2860: result: yes
configure:2889: checking whether make supports nested variables
configure:2906: result: yes
configure:3054: checking for g++
configure:3070: found /usr/bin/g++
configure:3081: result: g++
configure:3108: checking for C++ compiler version
configure:3117: g++ --version >&5
g++ (GCC) 4.8.5 20150623 (Red Hat 4.8.5-4)
Copyright (C) 2015 Free Software Foundation, Inc.
This is free software; see the source for copying conditions.  There is NO
warranty; not even for MERCHANTABILITY or FITNESS FOR A PARTICULAR PURPOSE.

configure:3128: $? = 0
configure:3117: g++ -v >&5
Using built-in specs.
COLLECT_GCC=g++
COLLECT_LTO_WRAPPER=/usr/libexec/gcc/x86_64-redhat-linux/4.8.5/lto-wrapper
Target: x86_64-redhat-linux
Configured with: ../configure --prefix=/usr --mandir=/usr/share/man --infodir=/usr/share/info --with-bugurl=http://bugzilla.redhat.com/bugzilla --enable-bootstrap --enable-shared --enable-threads=posix --enable-checking=release --with-system-zlib --enable-__cxa_atexit --disable-libunwind-exceptions --enable-gnu-unique-object --enable-linker-build-id --with-linker-hash-style=gnu --enable-languages=c,c++,objc,obj-c++,java,fortran,ada,go,lto --enable-plugin --enable-initfini-array --disable-libgcj --with-isl=/builddir/build/BUILD/gcc-4.8.5-20150702/obj-x86_64-redhat-linux/isl-install --with-cloog=/builddir/build/BUILD/gcc-4.8.5-20150702/obj-x86_64-redhat-linux/cloog-install --enable-gnu-indirect-function --with-tune=generic --with-arch_32=x86-64 --build=x86_64-redhat-linux
Thread model: posix
gcc version 4.8.5 20150623 (Red Hat 4.8.5-4) (GCC) 
configure:3128: $? = 0
configure:3117: g++ -V >&5
g++: error: unrecognized command line option '-V'
g++: fatal error: no input files
compilation terminated.
configure:3128: $? = 4
configure:3117: g++ -qversion >&5
g++: error: unrecognized command line option '-qversion'
g++: fatal error: no input files
compilation terminated.
configure:3128: $? = 4
configure:3148: checking whether the C++ compiler works
configure:3170: g++    conftest.cpp  >&5
configure:3174: $? = 0
configure:3222: result: yes
configure:3225: checking for C++ compiler default output file name
configure:3227: result: a.out
configure:3233: checking for suffix of executables
configure:3240: g++ -o conftest    conftest.cpp  >&5
configure:3244: $? = 0
configure:3266: result: 
configure:3288: checking whether we are cross compiling
configure:3296: g++ -o conftest    conftest.cpp  >&5
configure:3300: $? = 0
configure:3307: ./conftest
configure:3311: $? = 0
configure:3326: result: no
configure:3331: checking for suffix of object files
configure:3353: g++ -c   conftest.cpp >&5
configure:3357: $? = 0
configure:3378: result: o
configure:3382: checking whether we are using the GNU C++ compiler
configure:3401: g++ -c   conftest.cpp >&5
configure:3401: $? = 0
configure:3410: result: yes
configure:3419: checking whether g++ accepts -g
configure:3439: g++ -c -g  conftest.cpp >&5
configure:3439: $? = 0
configure:3480: result: yes
configure:3514: checking for style of include used by make
configure:3542: result: GNU
configure:3568: checking dependency style of g++
configure:3679: result: gcc3
configure:3698: checking for gawk
configure:3725: result: gawk
configure:3784: checking for gcc
configure:3800: found /usr/bin/gcc
configure:3811: result: gcc
configure:4040: checking for C compiler version
configure:4049: gcc --version >&5
gcc (GCC) 4.8.5 20150623 (Red Hat 4.8.5-4)
Copyright (C) 2015 Free Software Foundation, Inc.
This is free software; see the source for copying conditions.  There is NO
warranty; not even for MERCHANTABILITY or FITNESS FOR A PARTICULAR PURPOSE.

configure:4060: $? = 0
configure:4049: gcc -v >&5
Using built-in specs.
COLLECT_GCC=gcc
COLLECT_LTO_WRAPPER=/usr/libexec/gcc/x86_64-redhat-linux/4.8.5/lto-wrapper
Target: x86_64-redhat-linux
Configured with: ../configure --prefix=/usr --mandir=/usr/share/man --infodir=/usr/share/info --with-bugurl=http://bugzilla.redhat.com/bugzilla --enable-bootstrap --enable-shared --enable-threads=posix --enable-checking=release --with-system-zlib --enable-__cxa_atexit --disable-libunwind-exceptions --enable-gnu-unique-object --enable-linker-build-id --with-linker-hash-style=gnu --enable-languages=c,c++,objc,obj-c++,java,fortran,ada,go,lto --enable-plugin --enable-initfini-array --disable-libgcj --with-isl=/builddir/build/BUILD/gcc-4.8.5-20150702/obj-x86_64-redhat-linux/isl-install --with-cloog=/builddir/build/BUILD/gcc-4.8.5-20150702/obj-x86_64-redhat-linux/cloog-install --enable-gnu-indirect-function --with-tune=generic --with-arch_32=x86-64 --build=x86_64-redhat-linux
Thread model: posix
gcc version 4.8.5 20150623 (Red Hat 4.8.5-4) (GCC) 
configure:4060: $? = 0
configure:4049: gcc -V >&5
gcc: error: unrecognized command line option '-V'
gcc: fatal error: no input files
compilation terminated.
configure:4060: $? = 4
configure:4049: gcc -qversion >&5
gcc: error: unrecognized command line option '-qversion'
gcc: fatal error: no input files
compilation terminated.
configure:4060: $? = 4
configure:4064: checking whether we are using the GNU C compiler
configure:4083: gcc -c   conftest.c >&5
configure:4083: $? = 0
configure:4092: result: yes
configure:4101: checking whether gcc accepts -g
configure:4121: gcc -c -g  conftest.c >&5
configure:4121: $? = 0
configure:4162: result: yes
configure:4179: checking for gcc option to accept ISO C89
configure:4242: gcc  -c -g -O2  conftest.c >&5
configure:4242: $? = 0
configure:4255: result: none needed
configure:4277: checking dependency style of gcc
configure:4388: result: gcc3
configure:4404: checking whether ln -s works
configure:4408: result: yes
configure:4415: checking whether make sets $(MAKE)
configure:4437: result: yes
configure:4489: checking for ranlib
configure:4505: found /usr/bin/ranlib
configure:4516: result: ranlib
configure:4543: checking for main in -lQtCore
configure:4562: gcc -o conftest -g -O2   conftest.c -lQtCore   >&5
/usr/bin/ld: cannot find -lQtCore
collect2: error: ld returned 1 exit status
configure:4562: $? = 1
configure: failed program was:
| /* confdefs.h */
| #define PACKAGE_NAME "MSCommon"
| #define PACKAGE_TARNAME "mscommon"
| #define PACKAGE_VERSION "1.0.1"
| #define PACKAGE_STRING "MSCommon 1.0.1"
| #define PACKAGE_BUGREPORT ""
| #define PACKAGE_URL ""
| #define PACKAGE "mscommon"
| #define VERSION "1.0.1"
| /* end confdefs.h.  */
| 
| 
| int
| main ()
| {
| return main ();
|   ;
|   return 0;
| }
configure:4571: result: no
configure:4583: checking for main in -ldl
configure:4602: gcc -o conftest -g -O2   conftest.c -ldl   >&5
configure:4602: $? = 0
configure:4611: result: yes
configure:4623: checking for main in -lev
configure:4642: gcc -o conftest -g -O2   conftest.c -lev  -ldl  >&5
/usr/bin/ld: cannot find -lev
collect2: error: ld returned 1 exit status
configure:4642: $? = 1
configure: failed program was:
| /* confdefs.h */
| #define PACKAGE_NAME "MSCommon"
| #define PACKAGE_TARNAME "mscommon"
| #define PACKAGE_VERSION "1.0.1"
| #define PACKAGE_STRING "MSCommon 1.0.1"
| #define PACKAGE_BUGREPORT ""
| #define PACKAGE_URL ""
| #define PACKAGE "mscommon"
| #define VERSION "1.0.1"
| #define HAVE_LIBDL 1
| /* end confdefs.h.  */
| 
| 
| int
| main ()
| {
| return main ();
|   ;
|   return 0;
| }
configure:4651: result: no
configure:4663: checking for main in -levent
configure:4682: gcc -o conftest -g -O2   conftest.c -levent  -ldl  >&5
/usr/bin/ld: cannot find -levent
collect2: error: ld returned 1 exit status
configure:4682: $? = 1
configure: failed program was:
| /* confdefs.h */
| #define PACKAGE_NAME "MSCommon"
| #define PACKAGE_TARNAME "mscommon"
| #define PACKAGE_VERSION "1.0.1"
| #define PACKAGE_STRING "MSCommon 1.0.1"
| #define PACKAGE_BUGREPORT ""
| #define PACKAGE_URL ""
| #define PACKAGE "mscommon"
| #define VERSION "1.0.1"
| #define HAVE_LIBDL 1
| /* end confdefs.h.  */
| 
| 
| int
| main ()
| {
| return main ();
|   ;
|   return 0;
| }
configure:4691: result: no
configure:4703: checking for main in -lhiredis
configure:4722: gcc -o conftest -g -O2   conftest.c -lhiredis  -ldl  >&5
configure:4722: $? = 0
configure:4731: result: yes
configure:4743: checking for main in -livykis
configure:4762: gcc -o conftest -g -O2   conftest.c -livykis  -lhiredis -ldl  >&5
/usr/bin/ld: cannot find -livykis
collect2: error: ld returned 1 exit status
configure:4762: $? = 1
configure: failed program was:
| /* confdefs.h */
| #define PACKAGE_NAME "MSCommon"
| #define PACKAGE_TARNAME "mscommon"
| #define PACKAGE_VERSION "1.0.1"
| #define PACKAGE_STRING "MSCommon 1.0.1"
| #define PACKAGE_BUGREPORT ""
| #define PACKAGE_URL ""
| #define PACKAGE "mscommon"
| #define VERSION "1.0.1"
| #define HAVE_LIBDL 1
| #define HAVE_LIBHIREDIS 1
| /* end confdefs.h.  */
| 
| 
| int
| main ()
| {
| return main ();
|   ;
|   return 0;
| }
configure:4771: result: no
configure:4783: checking for main in -lnsl
configure:4802: gcc -o conftest -g -O2   conftest.c -lnsl  -lhiredis -ldl  >&5
configure:4802: $? = 0
configure:4811: result: yes
configure:4823: checking for main in -lpthread
configure:4842: gcc -o conftest -g -O2   conftest.c -lpthread  -lnsl -lhiredis -ldl  >&5
configure:4842: $? = 0
configure:4851: result: yes
configure:4863: checking for main in -lrt
configure:4882: gcc -o conftest -g -O2   conftest.c -lrt  -lpthread -lnsl -lhiredis -ldl  >&5
configure:4882: $? = 0
configure:4891: result: yes
configure:4903: checking for main in -lsocket
configure:4922: gcc -o conftest -g -O2   conftest.c -lsocket  -lrt -lpthread -lnsl -lhiredis -ldl  >&5
/usr/bin/ld: cannot find -lsocket
collect2: error: ld returned 1 exit status
configure:4922: $? = 1
configure: failed program was:
| /* confdefs.h */
| #define PACKAGE_NAME "MSCommon"
| #define PACKAGE_TARNAME "mscommon"
| #define PACKAGE_VERSION "1.0.1"
| #define PACKAGE_STRING "MSCommon 1.0.1"
| #define PACKAGE_BUGREPORT ""
| #define PACKAGE_URL ""
| #define PACKAGE "mscommon"
| #define VERSION "1.0.1"
| #define HAVE_LIBDL 1
| #define HAVE_LIBHIREDIS 1
| #define HAVE_LIBNSL 1
| #define HAVE_LIBPTHREAD 1
| #define HAVE_LIBRT 1
| /* end confdefs.h.  */
| 
| 
| int
| main ()
| {
| return main ();
|   ;
|   return 0;
| }
configure:4931: result: no
configure:4949: checking how to run the C preprocessor
configure:4980: gcc -E  conftest.c
configure:4980: $? = 0
configure:4994: gcc -E  conftest.c
conftest.c:16:28: fatal error: ac_nonexistent.h: No such file or directory
 #include <ac_nonexistent.h>
                            ^
compilation terminated.
configure:4994: $? = 1
configure: failed program was:
| /* confdefs.h */
| #define PACKAGE_NAME "MSCommon"
| #define PACKAGE_TARNAME "mscommon"
| #define PACKAGE_VERSION "1.0.1"
| #define PACKAGE_STRING "MSCommon 1.0.1"
| #define PACKAGE_BUGREPORT ""
| #define PACKAGE_URL ""
| #define PACKAGE "mscommon"
| #define VERSION "1.0.1"
| #define HAVE_LIBDL 1
| #define HAVE_LIBHIREDIS 1
| #define HAVE_LIBNSL 1
| #define HAVE_LIBPTHREAD 1
| #define HAVE_LIBRT 1
| /* end confdefs.h.  */
| #include <ac_nonexistent.h>
configure:5019: result: gcc -E
configure:5039: gcc -E  conftest.c
configure:5039: $? = 0
configure:5053: gcc -E  conftest.c
conftest.c:16:28: fatal error: ac_nonexistent.h: No such file or directory
 #include <ac_nonexistent.h>
                            ^
compilation terminated.
configure:5053: $? = 1
configure: failed program was:
| /* confdefs.h */
| #define PACKAGE_NAME "MSCommon"
| #define PACKAGE_TARNAME "mscommon"
| #define PACKAGE_VERSION "1.0.1"
| #define PACKAGE_STRING "MSCommon 1.0.1"
| #define PACKAGE_BUGREPORT ""
| #define PACKAGE_URL ""
| #define PACKAGE "mscommon"
| #define VERSION "1.0.1"
| #define HAVE_LIBDL 1
| #define HAVE_LIBHIREDIS 1
| #define HAVE_LIBNSL 1
| #define HAVE_LIBPTHREAD 1
| #define HAVE_LIBRT 1
| /* end confdefs.h.  */
| #include <ac_nonexistent.h>
configure:5082: checking for grep that handles long lines and -e
configure:5140: result: /usr/bin/grep
configure:5145: checking for egrep
configure:5207: result: /usr/bin/grep -E
configure:5212: checking for ANSI C header files
configure:5232: gcc -c -g -O2  conftest.c >&5
configure:5232: $? = 0
configure:5305: gcc -o conftest -g -O2   conftest.c -lrt -lpthread -lnsl -lhiredis -ldl  >&5
configure:5305: $? = 0
configure:5305: ./conftest
configure:5305: $? = 0
configure:5316: result: yes
configure:5329: checking for sys/types.h
configure:5329: gcc -c -g -O2  conftest.c >&5
configure:5329: $? = 0
configure:5329: result: yes
configure:5329: checking for sys/stat.h
configure:5329: gcc -c -g -O2  conftest.c >&5
configure:5329: $? = 0
configure:5329: result: yes
configure:5329: checking for stdlib.h
configure:5329: gcc -c -g -O2  conftest.c >&5
configure:5329: $? = 0
configure:5329: result: yes
configure:5329: checking for string.h
configure:5329: gcc -c -g -O2  conftest.c >&5
configure:5329: $? = 0
configure:5329: result: yes
configure:5329: checking for memory.h
configure:5329: gcc -c -g -O2  conftest.c >&5
configure:5329: $? = 0
configure:5329: result: yes
configure:5329: checking for strings.h
configure:5329: gcc -c -g -O2  conftest.c >&5
configure:5329: $? = 0
configure:5329: result: yes
configure:5329: checking for inttypes.h
configure:5329: gcc -c -g -O2  conftest.c >&5
configure:5329: $? = 0
configure:5329: result: yes
configure:5329: checking for stdint.h
configure:5329: gcc -c -g -O2  conftest.c >&5
configure:5329: $? = 0
configure:5329: result: yes
configure:5329: checking for unistd.h
configure:5329: gcc -c -g -O2  conftest.c >&5
configure:5329: $? = 0
configure:5329: result: yes
configure:5341: checking for size_t
configure:5341: gcc -c -g -O2  conftest.c >&5
configure:5341: $? = 0
configure:5341: gcc -c -g -O2  conftest.c >&5
conftest.c: In function 'main':
conftest.c:62:21: error: expected expression before ')' token
 if (sizeof ((size_t)))
                     ^
configure:5341: $? = 1
configure: failed program was:
| /* confdefs.h */
| #define PACKAGE_NAME "MSCommon"
| #define PACKAGE_TARNAME "mscommon"
| #define PACKAGE_VERSION "1.0.1"
| #define PACKAGE_STRING "MSCommon 1.0.1"
| #define PACKAGE_BUGREPORT ""
| #define PACKAGE_URL ""
| #define PACKAGE "mscommon"
| #define VERSION "1.0.1"
| #define HAVE_LIBDL 1
| #define HAVE_LIBHIREDIS 1
| #define HAVE_LIBNSL 1
| #define HAVE_LIBPTHREAD 1
| #define HAVE_LIBRT 1
| #define STDC_HEADERS 1
| #define HAVE_SYS_TYPES_H 1
| #define HAVE_SYS_STAT_H 1
| #define HAVE_STDLIB_H 1
| #define HAVE_STRING_H 1
| #define HAVE_MEMORY_H 1
| #define HAVE_STRINGS_H 1
| #define HAVE_INTTYPES_H 1
| #define HAVE_STDINT_H 1
| #define HAVE_UNISTD_H 1
| /* end confdefs.h.  */
| #include <stdio.h>
| #ifdef HAVE_SYS_TYPES_H
| # include <sys/types.h>
| #endif
| #ifdef HAVE_SYS_STAT_H
| # include <sys/stat.h>
| #endif
| #ifdef STDC_HEADERS
| # include <stdlib.h>
| # include <stddef.h>
| #else
| # ifdef HAVE_STDLIB_H
| #  include <stdlib.h>
| # endif
| #endif
| #ifdef HAVE_STRING_H
| # if !defined STDC_HEADERS && defined HAVE_MEMORY_H
| #  include <memory.h>
| # endif
| # include <string.h>
| #endif
| #ifdef HAVE_STRINGS_H
| # include <strings.h>
| #endif
| #ifdef HAVE_INTTYPES_H
| # include <inttypes.h>
| #endif
| #ifdef HAVE_STDINT_H
| # include <stdint.h>
| #endif
| #ifdef HAVE_UNISTD_H
| # include <unistd.h>
| #endif
| int
| main ()
| {
| if (sizeof ((size_t)))
| 	    return 0;
|   ;
|   return 0;
| }
configure:5341: result: yes
configure:5354: checking for working alloca.h
configure:5371: gcc -o conftest -g -O2   conftest.c -lrt -lpthread -lnsl -lhiredis -ldl  >&5
configure:5371: $? = 0
configure:5379: result: yes
configure:5387: checking for alloca
configure:5424: gcc -o conftest -g -O2   conftest.c -lrt -lpthread -lnsl -lhiredis -ldl  >&5
configure:5424: $? = 0
configure:5432: result: yes
configure:5541: checking arpa/inet.h usability
configure:5541: gcc -c -g -O2  conftest.c >&5
configure:5541: $? = 0
configure:5541: result: yes
configure:5541: checking arpa/inet.h presence
configure:5541: gcc -E  conftest.c
configure:5541: $? = 0
configure:5541: result: yes
configure:5541: checking for arpa/inet.h
configure:5541: result: yes
configure:5541: checking fcntl.h usability
configure:5541: gcc -c -g -O2  conftest.c >&5
configure:5541: $? = 0
configure:5541: result: yes
configure:5541: checking fcntl.h presence
configure:5541: gcc -E  conftest.c
configure:5541: $? = 0
configure:5541: result: yes
configure:5541: checking for fcntl.h
configure:5541: result: yes
configure:5541: checking for inttypes.h
configure:5541: result: yes
configure:5541: checking limits.h usability
configure:5541: gcc -c -g -O2  conftest.c >&5
configure:5541: $? = 0
configure:5541: result: yes
configure:5541: checking limits.h presence
configure:5541: gcc -E  conftest.c
configure:5541: $? = 0
configure:5541: result: yes
configure:5541: checking for limits.h
configure:5541: result: yes
configure:5541: checking mach/mach.h usability
configure:5541: gcc -c -g -O2  conftest.c >&5
conftest.c:65:23: fatal error: mach/mach.h: No such file or directory
 #include <mach/mach.h>
                       ^
compilation terminated.
configure:5541: $? = 1
configure: failed program was:
| /* confdefs.h */
| #define PACKAGE_NAME "MSCommon"
| #define PACKAGE_TARNAME "mscommon"
| #define PACKAGE_VERSION "1.0.1"
| #define PACKAGE_STRING "MSCommon 1.0.1"
| #define PACKAGE_BUGREPORT ""
| #define PACKAGE_URL ""
| #define PACKAGE "mscommon"
| #define VERSION "1.0.1"
| #define HAVE_LIBDL 1
| #define HAVE_LIBHIREDIS 1
| #define HAVE_LIBNSL 1
| #define HAVE_LIBPTHREAD 1
| #define HAVE_LIBRT 1
| #define STDC_HEADERS 1
| #define HAVE_SYS_TYPES_H 1
| #define HAVE_SYS_STAT_H 1
| #define HAVE_STDLIB_H 1
| #define HAVE_STRING_H 1
| #define HAVE_MEMORY_H 1
| #define HAVE_STRINGS_H 1
| #define HAVE_INTTYPES_H 1
| #define HAVE_STDINT_H 1
| #define HAVE_UNISTD_H 1
| #define HAVE_ALLOCA_H 1
| #define HAVE_ALLOCA 1
| #define HAVE_ARPA_INET_H 1
| #define HAVE_FCNTL_H 1
| #define HAVE_INTTYPES_H 1
| #define HAVE_LIMITS_H 1
| /* end confdefs.h.  */
| #include <stdio.h>
| #ifdef HAVE_SYS_TYPES_H
| # include <sys/types.h>
| #endif
| #ifdef HAVE_SYS_STAT_H
| # include <sys/stat.h>
| #endif
| #ifdef STDC_HEADERS
| # include <stdlib.h>
| # include <stddef.h>
| #else
| # ifdef HAVE_STDLIB_H
| #  include <stdlib.h>
| # endif
| #endif
| #ifdef HAVE_STRING_H
| # if !defined STDC_HEADERS && defined HAVE_MEMORY_H
| #  include <memory.h>
| # endif
| # include <string.h>
| #endif
| #ifdef HAVE_STRINGS_H
| # include <strings.h>
| #endif
| #ifdef HAVE_INTTYPES_H
| # include <inttypes.h>
| #endif
| #ifdef HAVE_STDINT_H
| # include <stdint.h>
| #endif
| #ifdef HAVE_UNISTD_H
| # include <unistd.h>
| #endif
| #include <mach/mach.h>
configure:5541: result: no
configure:5541: checking mach/mach.h presence
configure:5541: gcc -E  conftest.c
conftest.c:32:23: fatal error: mach/mach.h: No such file or directory
 #include <mach/mach.h>
                       ^
compilation terminated.
configure:5541: $? = 1
configure: failed program was:
| /* confdefs.h */
| #define PACKAGE_NAME "MSCommon"
| #define PACKAGE_TARNAME "mscommon"
| #define PACKAGE_VERSION "1.0.1"
| #define PACKAGE_STRING "MSCommon 1.0.1"
| #define PACKAGE_BUGREPORT ""
| #define PACKAGE_URL ""
| #define PACKAGE "mscommon"
| #define VERSION "1.0.1"
| #define HAVE_LIBDL 1
| #define HAVE_LIBHIREDIS 1
| #define HAVE_LIBNSL 1
| #define HAVE_LIBPTHREAD 1
| #define HAVE_LIBRT 1
| #define STDC_HEADERS 1
| #define HAVE_SYS_TYPES_H 1
| #define HAVE_SYS_STAT_H 1
| #define HAVE_STDLIB_H 1
| #define HAVE_STRING_H 1
| #define HAVE_MEMORY_H 1
| #define HAVE_STRINGS_H 1
| #define HAVE_INTTYPES_H 1
| #define HAVE_STDINT_H 1
| #define HAVE_UNISTD_H 1
| #define HAVE_ALLOCA_H 1
| #define HAVE_ALLOCA 1
| #define HAVE_ARPA_INET_H 1
| #define HAVE_FCNTL_H 1
| #define HAVE_INTTYPES_H 1
| #define HAVE_LIMITS_H 1
| /* end confdefs.h.  */
| #include <mach/mach.h>
configure:5541: result: no
configure:5541: checking for mach/mach.h
configure:5541: result: no
configure:5541: checking malloc.h usability
configure:5541: gcc -c -g -O2  conftest.c >&5
configure:5541: $? = 0
configure:5541: result: yes
configure:5541: checking malloc.h presence
configure:5541: gcc -E  conftest.c
configure:5541: $? = 0
configure:5541: result: yes
configure:5541: checking for malloc.h
configure:5541: result: yes
configure:5541: checking for memory.h
configure:5541: result: yes
configure:5541: checking netdb.h usability
configure:5541: gcc -c -g -O2  conftest.c >&5
configure:5541: $? = 0
configure:5541: result: yes
configure:5541: checking netdb.h presence
configure:5541: gcc -E  conftest.c
configure:5541: $? = 0
configure:5541: result: yes
configure:5541: checking for netdb.h
configure:5541: result: yes
configure:5541: checking netinet/in.h usability
configure:5541: gcc -c -g -O2  conftest.c >&5
configure:5541: $? = 0
configure:5541: result: yes
configure:5541: checking netinet/in.h presence
configure:5541: gcc -E  conftest.c
configure:5541: $? = 0
configure:5541: result: yes
configure:5541: checking for netinet/in.h
configure:5541: result: yes
configure:5541: checking stddef.h usability
configure:5541: gcc -c -g -O2  conftest.c >&5
configure:5541: $? = 0
configure:5541: result: yes
configure:5541: checking stddef.h presence
configure:5541: gcc -E  conftest.c
configure:5541: $? = 0
configure:5541: result: yes
configure:5541: checking for stddef.h
configure:5541: result: yes
configure:5541: checking for stdint.h
configure:5541: result: yes
configure:5541: checking for stdlib.h
configure:5541: result: yes
configure:5541: checking for string.h
configure:5541: result: yes
configure:5541: checking for strings.h
configure:5541: result: yes
configure:5541: checking sys/file.h usability
configure:5541: gcc -c -g -O2  conftest.c >&5
configure:5541: $? = 0
configure:5541: result: yes
configure:5541: checking sys/file.h presence
configure:5541: gcc -E  conftest.c
configure:5541: $? = 0
configure:5541: result: yes
configure:5541: checking for sys/file.h
configure:5541: result: yes
configure:5541: checking sys/ioctl.h usability
configure:5541: gcc -c -g -O2  conftest.c >&5
configure:5541: $? = 0
configure:5541: result: yes
configure:5541: checking sys/ioctl.h presence
configure:5541: gcc -E  conftest.c
configure:5541: $? = 0
configure:5541: result: yes
configure:5541: checking for sys/ioctl.h
configure:5541: result: yes
configure:5541: checking sys/socket.h usability
configure:5541: gcc -c -g -O2  conftest.c >&5
configure:5541: $? = 0
configure:5541: result: yes
configure:5541: checking sys/socket.h presence
configure:5541: gcc -E  conftest.c
configure:5541: $? = 0
configure:5541: result: yes
configure:5541: checking for sys/socket.h
configure:5541: result: yes
configure:5541: checking sys/statfs.h usability
configure:5541: gcc -c -g -O2  conftest.c >&5
configure:5541: $? = 0
configure:5541: result: yes
configure:5541: checking sys/statfs.h presence
configure:5541: gcc -E  conftest.c
configure:5541: $? = 0
configure:5541: result: yes
configure:5541: checking for sys/statfs.h
configure:5541: result: yes
configure:5541: checking sys/statvfs.h usability
configure:5541: gcc -c -g -O2  conftest.c >&5
configure:5541: $? = 0
configure:5541: result: yes
configure:5541: checking sys/statvfs.h presence
configure:5541: gcc -E  conftest.c
configure:5541: $? = 0
configure:5541: result: yes
configure:5541: checking for sys/statvfs.h
configure:5541: result: yes
configure:5541: checking sys/systeminfo.h usability
configure:5541: gcc -c -g -O2  conftest.c >&5
conftest.c:79:28: fatal error: sys/systeminfo.h: No such file or directory
 #include <sys/systeminfo.h>
                            ^
compilation terminated.
configure:5541: $? = 1
configure: failed program was:
| /* confdefs.h */
| #define PACKAGE_NAME "MSCommon"
| #define PACKAGE_TARNAME "mscommon"
| #define PACKAGE_VERSION "1.0.1"
| #define PACKAGE_STRING "MSCommon 1.0.1"
| #define PACKAGE_BUGREPORT ""
| #define PACKAGE_URL ""
| #define PACKAGE "mscommon"
| #define VERSION "1.0.1"
| #define HAVE_LIBDL 1
| #define HAVE_LIBHIREDIS 1
| #define HAVE_LIBNSL 1
| #define HAVE_LIBPTHREAD 1
| #define HAVE_LIBRT 1
| #define STDC_HEADERS 1
| #define HAVE_SYS_TYPES_H 1
| #define HAVE_SYS_STAT_H 1
| #define HAVE_STDLIB_H 1
| #define HAVE_STRING_H 1
| #define HAVE_MEMORY_H 1
| #define HAVE_STRINGS_H 1
| #define HAVE_INTTYPES_H 1
| #define HAVE_STDINT_H 1
| #define HAVE_UNISTD_H 1
| #define HAVE_ALLOCA_H 1
| #define HAVE_ALLOCA 1
| #define HAVE_ARPA_INET_H 1
| #define HAVE_FCNTL_H 1
| #define HAVE_INTTYPES_H 1
| #define HAVE_LIMITS_H 1
| #define HAVE_MALLOC_H 1
| #define HAVE_MEMORY_H 1
| #define HAVE_NETDB_H 1
| #define HAVE_NETINET_IN_H 1
| #define HAVE_STDDEF_H 1
| #define HAVE_STDINT_H 1
| #define HAVE_STDLIB_H 1
| #define HAVE_STRING_H 1
| #define HAVE_STRINGS_H 1
| #define HAVE_SYS_FILE_H 1
| #define HAVE_SYS_IOCTL_H 1
| #define HAVE_SYS_SOCKET_H 1
| #define HAVE_SYS_STATFS_H 1
| #define HAVE_SYS_STATVFS_H 1
| /* end confdefs.h.  */
| #include <stdio.h>
| #ifdef HAVE_SYS_TYPES_H
| # include <sys/types.h>
| #endif
| #ifdef HAVE_SYS_STAT_H
| # include <sys/stat.h>
| #endif
| #ifdef STDC_HEADERS
| # include <stdlib.h>
| # include <stddef.h>
| #else
| # ifdef HAVE_STDLIB_H
| #  include <stdlib.h>
| # endif
| #endif
| #ifdef HAVE_STRING_H
| # if !defined STDC_HEADERS && defined HAVE_MEMORY_H
| #  include <memory.h>
| # endif
| # include <string.h>
| #endif
| #ifdef HAVE_STRINGS_H
| # include <strings.h>
| #endif
| #ifdef HAVE_INTTYPES_H
| # include <inttypes.h>
| #endif
| #ifdef HAVE_STDINT_H
| # include <stdint.h>
| #endif
| #ifdef HAVE_UNISTD_H
| # include <unistd.h>
| #endif
| #include <sys/systeminfo.h>
configure:5541: result: no
configure:5541: checking sys/systeminfo.h presence
configure:5541: gcc -E  conftest.c
conftest.c:46:28: fatal error: sys/systeminfo.h: No such file or directory
 #include <sys/systeminfo.h>
                            ^
compilation terminated.
configure:5541: $? = 1
configure: failed program was:
| /* confdefs.h */
| #define PACKAGE_NAME "MSCommon"
| #define PACKAGE_TARNAME "mscommon"
| #define PACKAGE_VERSION "1.0.1"
| #define PACKAGE_STRING "MSCommon 1.0.1"
| #define PACKAGE_BUGREPORT ""
| #define PACKAGE_URL ""
| #define PACKAGE "mscommon"
| #define VERSION "1.0.1"
| #define HAVE_LIBDL 1
| #define HAVE_LIBHIREDIS 1
| #define HAVE_LIBNSL 1
| #define HAVE_LIBPTHREAD 1
| #define HAVE_LIBRT 1
| #define STDC_HEADERS 1
| #define HAVE_SYS_TYPES_H 1
| #define HAVE_SYS_STAT_H 1
| #define HAVE_STDLIB_H 1
| #define HAVE_STRING_H 1
| #define HAVE_MEMORY_H 1
| #define HAVE_STRINGS_H 1
| #define HAVE_INTTYPES_H 1
| #define HAVE_STDINT_H 1
| #define HAVE_UNISTD_H 1
| #define HAVE_ALLOCA_H 1
| #define HAVE_ALLOCA 1
| #define HAVE_ARPA_INET_H 1
| #define HAVE_FCNTL_H 1
| #define HAVE_INTTYPES_H 1
| #define HAVE_LIMITS_H 1
| #define HAVE_MALLOC_H 1
| #define HAVE_MEMORY_H 1
| #define HAVE_NETDB_H 1
| #define HAVE_NETINET_IN_H 1
| #define HAVE_STDDEF_H 1
| #define HAVE_STDINT_H 1
| #define HAVE_STDLIB_H 1
| #define HAVE_STRING_H 1
| #define HAVE_STRINGS_H 1
| #define HAVE_SYS_FILE_H 1
| #define HAVE_SYS_IOCTL_H 1
| #define HAVE_SYS_SOCKET_H 1
| #define HAVE_SYS_STATFS_H 1
| #define HAVE_SYS_STATVFS_H 1
| /* end confdefs.h.  */
| #include <sys/systeminfo.h>
configure:5541: result: no
configure:5541: checking for sys/systeminfo.h
configure:5541: result: no
configure:5541: checking sys/time.h usability
configure:5541: gcc -c -g -O2  conftest.c >&5
configure:5541: $? = 0
configure:5541: result: yes
configure:5541: checking sys/time.h presence
configure:5541: gcc -E  conftest.c
configure:5541: $? = 0
configure:5541: result: yes
configure:5541: checking for sys/time.h
configure:5541: result: yes
configure:5541: checking sys/timeb.h usability
configure:5541: gcc -c -g -O2  conftest.c >&5
configure:5541: $? = 0
configure:5541: result: yes
configure:5541: checking sys/timeb.h presence
configure:5541: gcc -E  conftest.c
configure:5541: $? = 0
configure:5541: result: yes
configure:5541: checking for sys/timeb.h
configure:5541: result: yes
configure:5541: checking for unistd.h
configure:5541: result: yes
configure:5541: checking wchar.h usability
configure:5541: gcc -c -g -O2  conftest.c >&5
configure:5541: $? = 0
configure:5541: result: yes
configure:5541: checking wchar.h presence
configure:5541: gcc -E  conftest.c
configure:5541: $? = 0
configure:5541: result: yes
configure:5541: checking for wchar.h
configure:5541: result: yes
configure:5553: checking for stdbool.h that conforms to C99
configure:5620: gcc -c -g -O2  conftest.c >&5
configure:5620: $? = 0
configure:5627: result: yes
configure:5629: checking for _Bool
configure:5629: gcc -c -g -O2  conftest.c >&5
configure:5629: $? = 0
configure:5629: gcc -c -g -O2  conftest.c >&5
conftest.c: In function 'main':
conftest.c:86:20: error: expected expression before ')' token
 if (sizeof ((_Bool)))
                    ^
configure:5629: $? = 1
configure: failed program was:
| /* confdefs.h */
| #define PACKAGE_NAME "MSCommon"
| #define PACKAGE_TARNAME "mscommon"
| #define PACKAGE_VERSION "1.0.1"
| #define PACKAGE_STRING "MSCommon 1.0.1"
| #define PACKAGE_BUGREPORT ""
| #define PACKAGE_URL ""
| #define PACKAGE "mscommon"
| #define VERSION "1.0.1"
| #define HAVE_LIBDL 1
| #define HAVE_LIBHIREDIS 1
| #define HAVE_LIBNSL 1
| #define HAVE_LIBPTHREAD 1
| #define HAVE_LIBRT 1
| #define STDC_HEADERS 1
| #define HAVE_SYS_TYPES_H 1
| #define HAVE_SYS_STAT_H 1
| #define HAVE_STDLIB_H 1
| #define HAVE_STRING_H 1
| #define HAVE_MEMORY_H 1
| #define HAVE_STRINGS_H 1
| #define HAVE_INTTYPES_H 1
| #define HAVE_STDINT_H 1
| #define HAVE_UNISTD_H 1
| #define HAVE_ALLOCA_H 1
| #define HAVE_ALLOCA 1
| #define HAVE_ARPA_INET_H 1
| #define HAVE_FCNTL_H 1
| #define HAVE_INTTYPES_H 1
| #define HAVE_LIMITS_H 1
| #define HAVE_MALLOC_H 1
| #define HAVE_MEMORY_H 1
| #define HAVE_NETDB_H 1
| #define HAVE_NETINET_IN_H 1
| #define HAVE_STDDEF_H 1
| #define HAVE_STDINT_H 1
| #define HAVE_STDLIB_H 1
| #define HAVE_STRING_H 1
| #define HAVE_STRINGS_H 1
| #define HAVE_SYS_FILE_H 1
| #define HAVE_SYS_IOCTL_H 1
| #define HAVE_SYS_SOCKET_H 1
| #define HAVE_SYS_STATFS_H 1
| #define HAVE_SYS_STATVFS_H 1
| #define HAVE_SYS_TIME_H 1
| #define HAVE_SYS_TIMEB_H 1
| #define HAVE_UNISTD_H 1
| #define HAVE_WCHAR_H 1
| /* end confdefs.h.  */
| #include <stdio.h>
| #ifdef HAVE_SYS_TYPES_H
| # include <sys/types.h>
| #endif
| #ifdef HAVE_SYS_STAT_H
| # include <sys/stat.h>
| #endif
| #ifdef STDC_HEADERS
| # include <stdlib.h>
| # include <stddef.h>
| #else
| # ifdef HAVE_STDLIB_H
| #  include <stdlib.h>
| # endif
| #endif
| #ifdef HAVE_STRING_H
| # if !defined STDC_HEADERS && defined HAVE_MEMORY_H
| #  include <memory.h>
| # endif
| # include <string.h>
| #endif
| #ifdef HAVE_STRINGS_H
| # include <strings.h>
| #endif
| #ifdef HAVE_INTTYPES_H
| # include <inttypes.h>
| #endif
| #ifdef HAVE_STDINT_H
| # include <stdint.h>
| #endif
| #ifdef HAVE_UNISTD_H
| # include <unistd.h>
| #endif
| int
| main ()
| {
| if (sizeof ((_Bool)))
| 	    return 0;
|   ;
|   return 0;
| }
configure:5629: result: yes
configure:5640: checking for inline
configure:5656: gcc -c -g -O2  conftest.c >&5
configure:5656: $? = 0
configure:5664: result: inline
configure:5682: checking for int16_t
configure:5682: gcc -c -g -O2  conftest.c >&5
configure:5682: $? = 0
configure:5682: gcc -c -g -O2  conftest.c >&5
conftest.c: In function 'main':
conftest.c:88:12: error: size of array 'test_array' is negative
 static int test_array [1 - 2 * !((int16_t) (((((int16_t) 1 << N) << N) - 1) * 2 + 1)
            ^
configure:5682: $? = 1
configure: failed program was:
| /* confdefs.h */
| #define PACKAGE_NAME "MSCommon"
| #define PACKAGE_TARNAME "mscommon"
| #define PACKAGE_VERSION "1.0.1"
| #define PACKAGE_STRING "MSCommon 1.0.1"
| #define PACKAGE_BUGREPORT ""
| #define PACKAGE_URL ""
| #define PACKAGE "mscommon"
| #define VERSION "1.0.1"
| #define HAVE_LIBDL 1
| #define HAVE_LIBHIREDIS 1
| #define HAVE_LIBNSL 1
| #define HAVE_LIBPTHREAD 1
| #define HAVE_LIBRT 1
| #define STDC_HEADERS 1
| #define HAVE_SYS_TYPES_H 1
| #define HAVE_SYS_STAT_H 1
| #define HAVE_STDLIB_H 1
| #define HAVE_STRING_H 1
| #define HAVE_MEMORY_H 1
| #define HAVE_STRINGS_H 1
| #define HAVE_INTTYPES_H 1
| #define HAVE_STDINT_H 1
| #define HAVE_UNISTD_H 1
| #define HAVE_ALLOCA_H 1
| #define HAVE_ALLOCA 1
| #define HAVE_ARPA_INET_H 1
| #define HAVE_FCNTL_H 1
| #define HAVE_INTTYPES_H 1
| #define HAVE_LIMITS_H 1
| #define HAVE_MALLOC_H 1
| #define HAVE_MEMORY_H 1
| #define HAVE_NETDB_H 1
| #define HAVE_NETINET_IN_H 1
| #define HAVE_STDDEF_H 1
| #define HAVE_STDINT_H 1
| #define HAVE_STDLIB_H 1
| #define HAVE_STRING_H 1
| #define HAVE_STRINGS_H 1
| #define HAVE_SYS_FILE_H 1
| #define HAVE_SYS_IOCTL_H 1
| #define HAVE_SYS_SOCKET_H 1
| #define HAVE_SYS_STATFS_H 1
| #define HAVE_SYS_STATVFS_H 1
| #define HAVE_SYS_TIME_H 1
| #define HAVE_SYS_TIMEB_H 1
| #define HAVE_UNISTD_H 1
| #define HAVE_WCHAR_H 1
| #define HAVE__BOOL 1
| /* end confdefs.h.  */
| #include <stdio.h>
| #ifdef HAVE_SYS_TYPES_H
| # include <sys/types.h>
| #endif
| #ifdef HAVE_SYS_STAT_H
| # include <sys/stat.h>
| #endif
| #ifdef STDC_HEADERS
| # include <stdlib.h>
| # include <stddef.h>
| #else
| # ifdef HAVE_STDLIB_H
| #  include <stdlib.h>
| # endif
| #endif
| #ifdef HAVE_STRING_H
| # if !defined STDC_HEADERS && defined HAVE_MEMORY_H
| #  include <memory.h>
| # endif
| # include <string.h>
| #endif
| #ifdef HAVE_STRINGS_H
| # include <strings.h>
| #endif
| #ifdef HAVE_INTTYPES_H
| # include <inttypes.h>
| #endif
| #ifdef HAVE_STDINT_H
| # include <stdint.h>
| #endif
| #ifdef HAVE_UNISTD_H
| # include <unistd.h>
| #endif
| 	        enum { N = 16 / 2 - 1 };
| int
| main ()
| {
| static int test_array [1 - 2 * !((int16_t) (((((int16_t) 1 << N) << N) - 1) * 2 + 1)
| 		 < (int16_t) (((((int16_t) 1 << N) << N) - 1) * 2 + 2))];
| test_array [0] = 0;
| return test_array [0];
| 
|   ;
|   return 0;
| }
configure:5682: result: yes
configure:5693: checking for int32_t
configure:5693: gcc -c -g -O2  conftest.c >&5
configure:5693: $? = 0
configure:5693: gcc -c -g -O2  conftest.c >&5
conftest.c: In function 'main':
conftest.c:89:53: warning: integer overflow in expression [-Woverflow]
    < (int32_t) (((((int32_t) 1 << N) << N) - 1) * 2 + 2))];
                                                     ^
conftest.c:88:12: error: storage size of 'test_array' isn't constant
 static int test_array [1 - 2 * !((int32_t) (((((int32_t) 1 << N) << N) - 1) * 2 + 1)
            ^
configure:5693: $? = 1
configure: failed program was:
| /* confdefs.h */
| #define PACKAGE_NAME "MSCommon"
| #define PACKAGE_TARNAME "mscommon"
| #define PACKAGE_VERSION "1.0.1"
| #define PACKAGE_STRING "MSCommon 1.0.1"
| #define PACKAGE_BUGREPORT ""
| #define PACKAGE_URL ""
| #define PACKAGE "mscommon"
| #define VERSION "1.0.1"
| #define HAVE_LIBDL 1
| #define HAVE_LIBHIREDIS 1
| #define HAVE_LIBNSL 1
| #define HAVE_LIBPTHREAD 1
| #define HAVE_LIBRT 1
| #define STDC_HEADERS 1
| #define HAVE_SYS_TYPES_H 1
| #define HAVE_SYS_STAT_H 1
| #define HAVE_STDLIB_H 1
| #define HAVE_STRING_H 1
| #define HAVE_MEMORY_H 1
| #define HAVE_STRINGS_H 1
| #define HAVE_INTTYPES_H 1
| #define HAVE_STDINT_H 1
| #define HAVE_UNISTD_H 1
| #define HAVE_ALLOCA_H 1
| #define HAVE_ALLOCA 1
| #define HAVE_ARPA_INET_H 1
| #define HAVE_FCNTL_H 1
| #define HAVE_INTTYPES_H 1
| #define HAVE_LIMITS_H 1
| #define HAVE_MALLOC_H 1
| #define HAVE_MEMORY_H 1
| #define HAVE_NETDB_H 1
| #define HAVE_NETINET_IN_H 1
| #define HAVE_STDDEF_H 1
| #define HAVE_STDINT_H 1
| #define HAVE_STDLIB_H 1
| #define HAVE_STRING_H 1
| #define HAVE_STRINGS_H 1
| #define HAVE_SYS_FILE_H 1
| #define HAVE_SYS_IOCTL_H 1
| #define HAVE_SYS_SOCKET_H 1
| #define HAVE_SYS_STATFS_H 1
| #define HAVE_SYS_STATVFS_H 1
| #define HAVE_SYS_TIME_H 1
| #define HAVE_SYS_TIMEB_H 1
| #define HAVE_UNISTD_H 1
| #define HAVE_WCHAR_H 1
| #define HAVE__BOOL 1
| /* end confdefs.h.  */
| #include <stdio.h>
| #ifdef HAVE_SYS_TYPES_H
| # include <sys/types.h>
| #endif
| #ifdef HAVE_SYS_STAT_H
| # include <sys/stat.h>
| #endif
| #ifdef STDC_HEADERS
| # include <stdlib.h>
| # include <stddef.h>
| #else
| # ifdef HAVE_STDLIB_H
| #  include <stdlib.h>
| # endif
| #endif
| #ifdef HAVE_STRING_H
| # if !defined STDC_HEADERS && defined HAVE_MEMORY_H
| #  include <memory.h>
| # endif
| # include <string.h>
| #endif
| #ifdef HAVE_STRINGS_H
| # include <strings.h>
| #endif
| #ifdef HAVE_INTTYPES_H
| # include <inttypes.h>
| #endif
| #ifdef HAVE_STDINT_H
| # include <stdint.h>
| #endif
| #ifdef HAVE_UNISTD_H
| # include <unistd.h>
| #endif
| 	        enum { N = 32 / 2 - 1 };
| int
| main ()
| {
| static int test_array [1 - 2 * !((int32_t) (((((int32_t) 1 << N) << N) - 1) * 2 + 1)
| 		 < (int32_t) (((((int32_t) 1 << N) << N) - 1) * 2 + 2))];
| test_array [0] = 0;
| return test_array [0];
| 
|   ;
|   return 0;
| }
configure:5693: result: yes
configure:5704: checking for int64_t
configure:5704: gcc -c -g -O2  conftest.c >&5
configure:5704: $? = 0
configure:5704: gcc -c -g -O2  conftest.c >&5
conftest.c: In function 'main':
conftest.c:89:53: warning: integer overflow in expression [-Woverflow]
    < (int64_t) (((((int64_t) 1 << N) << N) - 1) * 2 + 2))];
                                                     ^
conftest.c:88:12: error: storage size of 'test_array' isn't constant
 static int test_array [1 - 2 * !((int64_t) (((((int64_t) 1 << N) << N) - 1) * 2 + 1)
            ^
configure:5704: $? = 1
configure: failed program was:
| /* confdefs.h */
| #define PACKAGE_NAME "MSCommon"
| #define PACKAGE_TARNAME "mscommon"
| #define PACKAGE_VERSION "1.0.1"
| #define PACKAGE_STRING "MSCommon 1.0.1"
| #define PACKAGE_BUGREPORT ""
| #define PACKAGE_URL ""
| #define PACKAGE "mscommon"
| #define VERSION "1.0.1"
| #define HAVE_LIBDL 1
| #define HAVE_LIBHIREDIS 1
| #define HAVE_LIBNSL 1
| #define HAVE_LIBPTHREAD 1
| #define HAVE_LIBRT 1
| #define STDC_HEADERS 1
| #define HAVE_SYS_TYPES_H 1
| #define HAVE_SYS_STAT_H 1
| #define HAVE_STDLIB_H 1
| #define HAVE_STRING_H 1
| #define HAVE_MEMORY_H 1
| #define HAVE_STRINGS_H 1
| #define HAVE_INTTYPES_H 1
| #define HAVE_STDINT_H 1
| #define HAVE_UNISTD_H 1
| #define HAVE_ALLOCA_H 1
| #define HAVE_ALLOCA 1
| #define HAVE_ARPA_INET_H 1
| #define HAVE_FCNTL_H 1
| #define HAVE_INTTYPES_H 1
| #define HAVE_LIMITS_H 1
| #define HAVE_MALLOC_H 1
| #define HAVE_MEMORY_H 1
| #define HAVE_NETDB_H 1
| #define HAVE_NETINET_IN_H 1
| #define HAVE_STDDEF_H 1
| #define HAVE_STDINT_H 1
| #define HAVE_STDLIB_H 1
| #define HAVE_STRING_H 1
| #define HAVE_STRINGS_H 1
| #define HAVE_SYS_FILE_H 1
| #define HAVE_SYS_IOCTL_H 1
| #define HAVE_SYS_SOCKET_H 1
| #define HAVE_SYS_STATFS_H 1
| #define HAVE_SYS_STATVFS_H 1
| #define HAVE_SYS_TIME_H 1
| #define HAVE_SYS_TIMEB_H 1
| #define HAVE_UNISTD_H 1
| #define HAVE_WCHAR_H 1
| #define HAVE__BOOL 1
| /* end confdefs.h.  */
| #include <stdio.h>
| #ifdef HAVE_SYS_TYPES_H
| # include <sys/types.h>
| #endif
| #ifdef HAVE_SYS_STAT_H
| # include <sys/stat.h>
| #endif
| #ifdef STDC_HEADERS
| # include <stdlib.h>
| # include <stddef.h>
| #else
| # ifdef HAVE_STDLIB_H
| #  include <stdlib.h>
| # endif
| #endif
| #ifdef HAVE_STRING_H
| # if !defined STDC_HEADERS && defined HAVE_MEMORY_H
| #  include <memory.h>
| # endif
| # include <string.h>
| #endif
| #ifdef HAVE_STRINGS_H
| # include <strings.h>
| #endif
| #ifdef HAVE_INTTYPES_H
| # include <inttypes.h>
| #endif
| #ifdef HAVE_STDINT_H
| # include <stdint.h>
| #endif
| #ifdef HAVE_UNISTD_H
| # include <unistd.h>
| #endif
| 	        enum { N = 64 / 2 - 1 };
| int
| main ()
| {
| static int test_array [1 - 2 * !((int64_t) (((((int64_t) 1 << N) << N) - 1) * 2 + 1)
| 		 < (int64_t) (((((int64_t) 1 << N) << N) - 1) * 2 + 2))];
| test_array [0] = 0;
| return test_array [0];
| 
|   ;
|   return 0;
| }
configure:5704: result: yes
configure:5715: checking for int8_t
configure:5715: gcc -c -g -O2  conftest.c >&5
configure:5715: $? = 0
configure:5715: gcc -c -g -O2  conftest.c >&5
conftest.c: In function 'main':
conftest.c:88:12: error: size of array 'test_array' is negative
 static int test_array [1 - 2 * !((int8_t) (((((int8_t) 1 << N) << N) - 1) * 2 + 1)
            ^
configure:5715: $? = 1
configure: failed program was:
| /* confdefs.h */
| #define PACKAGE_NAME "MSCommon"
| #define PACKAGE_TARNAME "mscommon"
| #define PACKAGE_VERSION "1.0.1"
| #define PACKAGE_STRING "MSCommon 1.0.1"
| #define PACKAGE_BUGREPORT ""
| #define PACKAGE_URL ""
| #define PACKAGE "mscommon"
| #define VERSION "1.0.1"
| #define HAVE_LIBDL 1
| #define HAVE_LIBHIREDIS 1
| #define HAVE_LIBNSL 1
| #define HAVE_LIBPTHREAD 1
| #define HAVE_LIBRT 1
| #define STDC_HEADERS 1
| #define HAVE_SYS_TYPES_H 1
| #define HAVE_SYS_STAT_H 1
| #define HAVE_STDLIB_H 1
| #define HAVE_STRING_H 1
| #define HAVE_MEMORY_H 1
| #define HAVE_STRINGS_H 1
| #define HAVE_INTTYPES_H 1
| #define HAVE_STDINT_H 1
| #define HAVE_UNISTD_H 1
| #define HAVE_ALLOCA_H 1
| #define HAVE_ALLOCA 1
| #define HAVE_ARPA_INET_H 1
| #define HAVE_FCNTL_H 1
| #define HAVE_INTTYPES_H 1
| #define HAVE_LIMITS_H 1
| #define HAVE_MALLOC_H 1
| #define HAVE_MEMORY_H 1
| #define HAVE_NETDB_H 1
| #define HAVE_NETINET_IN_H 1
| #define HAVE_STDDEF_H 1
| #define HAVE_STDINT_H 1
| #define HAVE_STDLIB_H 1
| #define HAVE_STRING_H 1
| #define HAVE_STRINGS_H 1
| #define HAVE_SYS_FILE_H 1
| #define HAVE_SYS_IOCTL_H 1
| #define HAVE_SYS_SOCKET_H 1
| #define HAVE_SYS_STATFS_H 1
| #define HAVE_SYS_STATVFS_H 1
| #define HAVE_SYS_TIME_H 1
| #define HAVE_SYS_TIMEB_H 1
| #define HAVE_UNISTD_H 1
| #define HAVE_WCHAR_H 1
| #define HAVE__BOOL 1
| /* end confdefs.h.  */
| #include <stdio.h>
| #ifdef HAVE_SYS_TYPES_H
| # include <sys/types.h>
| #endif
| #ifdef HAVE_SYS_STAT_H
| # include <sys/stat.h>
| #endif
| #ifdef STDC_HEADERS
| # include <stdlib.h>
| # include <stddef.h>
| #else
| # ifdef HAVE_STDLIB_H
| #  include <stdlib.h>
| # endif
| #endif
| #ifdef HAVE_STRING_H
| # if !defined STDC_HEADERS && defined HAVE_MEMORY_H
| #  include <memory.h>
| # endif
| # include <string.h>
| #endif
| #ifdef HAVE_STRINGS_H
| # include <strings.h>
| #endif
| #ifdef HAVE_INTTYPES_H
| # include <inttypes.h>
| #endif
| #ifdef HAVE_STDINT_H
| # include <stdint.h>
| #endif
| #ifdef HAVE_UNISTD_H
| # include <unistd.h>
| #endif
| 	        enum { N = 8 / 2 - 1 };
| int
| main ()
| {
| static int test_array [1 - 2 * !((int8_t) (((((int8_t) 1 << N) << N) - 1) * 2 + 1)
| 		 < (int8_t) (((((int8_t) 1 << N) << N) - 1) * 2 + 2))];
| test_array [0] = 0;
| return test_array [0];
| 
|   ;
|   return 0;
| }
configure:5715: result: yes
configure:5726: checking for mode_t
configure:5726: gcc -c -g -O2  conftest.c >&5
configure:5726: $? = 0
configure:5726: gcc -c -g -O2  conftest.c >&5
conftest.c: In function 'main':
conftest.c:87:21: error: expected expression before ')' token
 if (sizeof ((mode_t)))
                     ^
configure:5726: $? = 1
configure: failed program was:
| /* confdefs.h */
| #define PACKAGE_NAME "MSCommon"
| #define PACKAGE_TARNAME "mscommon"
| #define PACKAGE_VERSION "1.0.1"
| #define PACKAGE_STRING "MSCommon 1.0.1"
| #define PACKAGE_BUGREPORT ""
| #define PACKAGE_URL ""
| #define PACKAGE "mscommon"
| #define VERSION "1.0.1"
| #define HAVE_LIBDL 1
| #define HAVE_LIBHIREDIS 1
| #define HAVE_LIBNSL 1
| #define HAVE_LIBPTHREAD 1
| #define HAVE_LIBRT 1
| #define STDC_HEADERS 1
| #define HAVE_SYS_TYPES_H 1
| #define HAVE_SYS_STAT_H 1
| #define HAVE_STDLIB_H 1
| #define HAVE_STRING_H 1
| #define HAVE_MEMORY_H 1
| #define HAVE_STRINGS_H 1
| #define HAVE_INTTYPES_H 1
| #define HAVE_STDINT_H 1
| #define HAVE_UNISTD_H 1
| #define HAVE_ALLOCA_H 1
| #define HAVE_ALLOCA 1
| #define HAVE_ARPA_INET_H 1
| #define HAVE_FCNTL_H 1
| #define HAVE_INTTYPES_H 1
| #define HAVE_LIMITS_H 1
| #define HAVE_MALLOC_H 1
| #define HAVE_MEMORY_H 1
| #define HAVE_NETDB_H 1
| #define HAVE_NETINET_IN_H 1
| #define HAVE_STDDEF_H 1
| #define HAVE_STDINT_H 1
| #define HAVE_STDLIB_H 1
| #define HAVE_STRING_H 1
| #define HAVE_STRINGS_H 1
| #define HAVE_SYS_FILE_H 1
| #define HAVE_SYS_IOCTL_H 1
| #define HAVE_SYS_SOCKET_H 1
| #define HAVE_SYS_STATFS_H 1
| #define HAVE_SYS_STATVFS_H 1
| #define HAVE_SYS_TIME_H 1
| #define HAVE_SYS_TIMEB_H 1
| #define HAVE_UNISTD_H 1
| #define HAVE_WCHAR_H 1
| #define HAVE__BOOL 1
| /* end confdefs.h.  */
| #include <stdio.h>
| #ifdef HAVE_SYS_TYPES_H
| # include <sys/types.h>
| #endif
| #ifdef HAVE_SYS_STAT_H
| # include <sys/stat.h>
| #endif
| #ifdef STDC_HEADERS
| # include <stdlib.h>
| # include <stddef.h>
| #else
| # ifdef HAVE_STDLIB_H
| #  include <stdlib.h>
| # endif
| #endif
| #ifdef HAVE_STRING_H
| # if !defined STDC_HEADERS && defined HAVE_MEMORY_H
| #  include <memory.h>
| # endif
| # include <string.h>
| #endif
| #ifdef HAVE_STRINGS_H
| # include <strings.h>
| #endif
| #ifdef HAVE_INTTYPES_H
| # include <inttypes.h>
| #endif
| #ifdef HAVE_STDINT_H
| # include <stdint.h>
| #endif
| #ifdef HAVE_UNISTD_H
| # include <unistd.h>
| #endif
| int
| main ()
| {
| if (sizeof ((mode_t)))
| 	    return 0;
|   ;
|   return 0;
| }
configure:5726: result: yes
configure:5737: checking for C/C++ restrict keyword
configure:5762: gcc -c -g -O2  conftest.c >&5
configure:5762: $? = 0
configure:5770: result: __restrict
configure:5783: checking for size_t
configure:5783: result: yes
configure:5794: checking for ssize_t
configure:5794: gcc -c -g -O2  conftest.c >&5
configure:5794: $? = 0
configure:5794: gcc -c -g -O2  conftest.c >&5
conftest.c: In function 'main':
conftest.c:88:22: error: expected expression before ')' token
 if (sizeof ((ssize_t)))
                      ^
configure:5794: $? = 1
configure: failed program was:
| /* confdefs.h */
| #define PACKAGE_NAME "MSCommon"
| #define PACKAGE_TARNAME "mscommon"
| #define PACKAGE_VERSION "1.0.1"
| #define PACKAGE_STRING "MSCommon 1.0.1"
| #define PACKAGE_BUGREPORT ""
| #define PACKAGE_URL ""
| #define PACKAGE "mscommon"
| #define VERSION "1.0.1"
| #define HAVE_LIBDL 1
| #define HAVE_LIBHIREDIS 1
| #define HAVE_LIBNSL 1
| #define HAVE_LIBPTHREAD 1
| #define HAVE_LIBRT 1
| #define STDC_HEADERS 1
| #define HAVE_SYS_TYPES_H 1
| #define HAVE_SYS_STAT_H 1
| #define HAVE_STDLIB_H 1
| #define HAVE_STRING_H 1
| #define HAVE_MEMORY_H 1
| #define HAVE_STRINGS_H 1
| #define HAVE_INTTYPES_H 1
| #define HAVE_STDINT_H 1
| #define HAVE_UNISTD_H 1
| #define HAVE_ALLOCA_H 1
| #define HAVE_ALLOCA 1
| #define HAVE_ARPA_INET_H 1
| #define HAVE_FCNTL_H 1
| #define HAVE_INTTYPES_H 1
| #define HAVE_LIMITS_H 1
| #define HAVE_MALLOC_H 1
| #define HAVE_MEMORY_H 1
| #define HAVE_NETDB_H 1
| #define HAVE_NETINET_IN_H 1
| #define HAVE_STDDEF_H 1
| #define HAVE_STDINT_H 1
| #define HAVE_STDLIB_H 1
| #define HAVE_STRING_H 1
| #define HAVE_STRINGS_H 1
| #define HAVE_SYS_FILE_H 1
| #define HAVE_SYS_IOCTL_H 1
| #define HAVE_SYS_SOCKET_H 1
| #define HAVE_SYS_STATFS_H 1
| #define HAVE_SYS_STATVFS_H 1
| #define HAVE_SYS_TIME_H 1
| #define HAVE_SYS_TIMEB_H 1
| #define HAVE_UNISTD_H 1
| #define HAVE_WCHAR_H 1
| #define HAVE__BOOL 1
| #define restrict __restrict
| /* end confdefs.h.  */
| #include <stdio.h>
| #ifdef HAVE_SYS_TYPES_H
| # include <sys/types.h>
| #endif
| #ifdef HAVE_SYS_STAT_H
| # include <sys/stat.h>
| #endif
| #ifdef STDC_HEADERS
| # include <stdlib.h>
| # include <stddef.h>
| #else
| # ifdef HAVE_STDLIB_H
| #  include <stdlib.h>
| # endif
| #endif
| #ifdef HAVE_STRING_H
| # if !defined STDC_HEADERS && defined HAVE_MEMORY_H
| #  include <memory.h>
| # endif
| # include <string.h>
| #endif
| #ifdef HAVE_STRINGS_H
| # include <strings.h>
| #endif
| #ifdef HAVE_INTTYPES_H
| # include <inttypes.h>
| #endif
| #ifdef HAVE_STDINT_H
| # include <stdint.h>
| #endif
| #ifdef HAVE_UNISTD_H
| # include <unistd.h>
| #endif
| int
| main ()
| {
| if (sizeof ((ssize_t)))
| 	    return 0;
|   ;
|   return 0;
| }
configure:5794: result: yes
configure:5805: checking for uint16_t
configure:5805: gcc -c -g -O2  conftest.c >&5
configure:5805: $? = 0
configure:5805: result: yes
configure:5817: checking for uint32_t
configure:5817: gcc -c -g -O2  conftest.c >&5
configure:5817: $? = 0
configure:5817: result: yes
configure:5831: checking for uint64_t
configure:5831: gcc -c -g -O2  conftest.c >&5
configure:5831: $? = 0
configure:5831: result: yes
configure:5845: checking for uint8_t
configure:5845: gcc -c -g -O2  conftest.c >&5
configure:5845: $? = 0
configure:5845: result: yes
configure:5859: checking for ptrdiff_t
configure:5859: gcc -c -g -O2  conftest.c >&5
configure:5859: $? = 0
configure:5859: gcc -c -g -O2  conftest.c >&5
conftest.c: In function 'main':
conftest.c:88:24: error: expected expression before ')' token
 if (sizeof ((ptrdiff_t)))
                        ^
configure:5859: $? = 1
configure: failed program was:
| /* confdefs.h */
| #define PACKAGE_NAME "MSCommon"
| #define PACKAGE_TARNAME "mscommon"
| #define PACKAGE_VERSION "1.0.1"
| #define PACKAGE_STRING "MSCommon 1.0.1"
| #define PACKAGE_BUGREPORT ""
| #define PACKAGE_URL ""
| #define PACKAGE "mscommon"
| #define VERSION "1.0.1"
| #define HAVE_LIBDL 1
| #define HAVE_LIBHIREDIS 1
| #define HAVE_LIBNSL 1
| #define HAVE_LIBPTHREAD 1
| #define HAVE_LIBRT 1
| #define STDC_HEADERS 1
| #define HAVE_SYS_TYPES_H 1
| #define HAVE_SYS_STAT_H 1
| #define HAVE_STDLIB_H 1
| #define HAVE_STRING_H 1
| #define HAVE_MEMORY_H 1
| #define HAVE_STRINGS_H 1
| #define HAVE_INTTYPES_H 1
| #define HAVE_STDINT_H 1
| #define HAVE_UNISTD_H 1
| #define HAVE_ALLOCA_H 1
| #define HAVE_ALLOCA 1
| #define HAVE_ARPA_INET_H 1
| #define HAVE_FCNTL_H 1
| #define HAVE_INTTYPES_H 1
| #define HAVE_LIMITS_H 1
| #define HAVE_MALLOC_H 1
| #define HAVE_MEMORY_H 1
| #define HAVE_NETDB_H 1
| #define HAVE_NETINET_IN_H 1
| #define HAVE_STDDEF_H 1
| #define HAVE_STDINT_H 1
| #define HAVE_STDLIB_H 1
| #define HAVE_STRING_H 1
| #define HAVE_STRINGS_H 1
| #define HAVE_SYS_FILE_H 1
| #define HAVE_SYS_IOCTL_H 1
| #define HAVE_SYS_SOCKET_H 1
| #define HAVE_SYS_STATFS_H 1
| #define HAVE_SYS_STATVFS_H 1
| #define HAVE_SYS_TIME_H 1
| #define HAVE_SYS_TIMEB_H 1
| #define HAVE_UNISTD_H 1
| #define HAVE_WCHAR_H 1
| #define HAVE__BOOL 1
| #define restrict __restrict
| /* end confdefs.h.  */
| #include <stdio.h>
| #ifdef HAVE_SYS_TYPES_H
| # include <sys/types.h>
| #endif
| #ifdef HAVE_SYS_STAT_H
| # include <sys/stat.h>
| #endif
| #ifdef STDC_HEADERS
| # include <stdlib.h>
| # include <stddef.h>
| #else
| # ifdef HAVE_STDLIB_H
| #  include <stdlib.h>
| # endif
| #endif
| #ifdef HAVE_STRING_H
| # if !defined STDC_HEADERS && defined HAVE_MEMORY_H
| #  include <memory.h>
| # endif
| # include <string.h>
| #endif
| #ifdef HAVE_STRINGS_H
| # include <strings.h>
| #endif
| #ifdef HAVE_INTTYPES_H
| # include <inttypes.h>
| #endif
| #ifdef HAVE_STDINT_H
| # include <stdint.h>
| #endif
| #ifdef HAVE_UNISTD_H
| # include <unistd.h>
| #endif
| int
| main ()
| {
| if (sizeof ((ptrdiff_t)))
| 	    return 0;
|   ;
|   return 0;
| }
configure:5859: result: yes
configure:5871: checking for error_at_line
configure:5887: gcc -o conftest -g -O2   conftest.c -lrt -lpthread -lnsl -lhiredis -ldl  >&5
configure:5887: $? = 0
configure:5895: result: yes
configure:5906: checking for pid_t
configure:5906: gcc -c -g -O2  conftest.c >&5
configure:5906: $? = 0
configure:5906: gcc -c -g -O2  conftest.c >&5
conftest.c: In function 'main':
conftest.c:89:20: error: expected expression before ')' token
 if (sizeof ((pid_t)))
                    ^
configure:5906: $? = 1
configure: failed program was:
| /* confdefs.h */
| #define PACKAGE_NAME "MSCommon"
| #define PACKAGE_TARNAME "mscommon"
| #define PACKAGE_VERSION "1.0.1"
| #define PACKAGE_STRING "MSCommon 1.0.1"
| #define PACKAGE_BUGREPORT ""
| #define PACKAGE_URL ""
| #define PACKAGE "mscommon"
| #define VERSION "1.0.1"
| #define HAVE_LIBDL 1
| #define HAVE_LIBHIREDIS 1
| #define HAVE_LIBNSL 1
| #define HAVE_LIBPTHREAD 1
| #define HAVE_LIBRT 1
| #define STDC_HEADERS 1
| #define HAVE_SYS_TYPES_H 1
| #define HAVE_SYS_STAT_H 1
| #define HAVE_STDLIB_H 1
| #define HAVE_STRING_H 1
| #define HAVE_MEMORY_H 1
| #define HAVE_STRINGS_H 1
| #define HAVE_INTTYPES_H 1
| #define HAVE_STDINT_H 1
| #define HAVE_UNISTD_H 1
| #define HAVE_ALLOCA_H 1
| #define HAVE_ALLOCA 1
| #define HAVE_ARPA_INET_H 1
| #define HAVE_FCNTL_H 1
| #define HAVE_INTTYPES_H 1
| #define HAVE_LIMITS_H 1
| #define HAVE_MALLOC_H 1
| #define HAVE_MEMORY_H 1
| #define HAVE_NETDB_H 1
| #define HAVE_NETINET_IN_H 1
| #define HAVE_STDDEF_H 1
| #define HAVE_STDINT_H 1
| #define HAVE_STDLIB_H 1
| #define HAVE_STRING_H 1
| #define HAVE_STRINGS_H 1
| #define HAVE_SYS_FILE_H 1
| #define HAVE_SYS_IOCTL_H 1
| #define HAVE_SYS_SOCKET_H 1
| #define HAVE_SYS_STATFS_H 1
| #define HAVE_SYS_STATVFS_H 1
| #define HAVE_SYS_TIME_H 1
| #define HAVE_SYS_TIMEB_H 1
| #define HAVE_UNISTD_H 1
| #define HAVE_WCHAR_H 1
| #define HAVE__BOOL 1
| #define restrict __restrict
| #define HAVE_PTRDIFF_T 1
| /* end confdefs.h.  */
| #include <stdio.h>
| #ifdef HAVE_SYS_TYPES_H
| # include <sys/types.h>
| #endif
| #ifdef HAVE_SYS_STAT_H
| # include <sys/stat.h>
| #endif
| #ifdef STDC_HEADERS
| # include <stdlib.h>
| # include <stddef.h>
| #else
| # ifdef HAVE_STDLIB_H
| #  include <stdlib.h>
| # endif
| #endif
| #ifdef HAVE_STRING_H
| # if !defined STDC_HEADERS && defined HAVE_MEMORY_H
| #  include <memory.h>
| # endif
| # include <string.h>
| #endif
| #ifdef HAVE_STRINGS_H
| # include <strings.h>
| #endif
| #ifdef HAVE_INTTYPES_H
| # include <inttypes.h>
| #endif
| #ifdef HAVE_STDINT_H
| # include <stdint.h>
| #endif
| #ifdef HAVE_UNISTD_H
| # include <unistd.h>
| #endif
| int
| main ()
| {
| if (sizeof ((pid_t)))
| 	    return 0;
|   ;
|   return 0;
| }
configure:5906: result: yes
configure:5919: checking vfork.h usability
configure:5919: gcc -c -g -O2  conftest.c >&5
conftest.c:86:19: fatal error: vfork.h: No such file or directory
 #include <vfork.h>
                   ^
compilation terminated.
configure:5919: $? = 1
configure: failed program was:
| /* confdefs.h */
| #define PACKAGE_NAME "MSCommon"
| #define PACKAGE_TARNAME "mscommon"
| #define PACKAGE_VERSION "1.0.1"
| #define PACKAGE_STRING "MSCommon 1.0.1"
| #define PACKAGE_BUGREPORT ""
| #define PACKAGE_URL ""
| #define PACKAGE "mscommon"
| #define VERSION "1.0.1"
| #define HAVE_LIBDL 1
| #define HAVE_LIBHIREDIS 1
| #define HAVE_LIBNSL 1
| #define HAVE_LIBPTHREAD 1
| #define HAVE_LIBRT 1
| #define STDC_HEADERS 1
| #define HAVE_SYS_TYPES_H 1
| #define HAVE_SYS_STAT_H 1
| #define HAVE_STDLIB_H 1
| #define HAVE_STRING_H 1
| #define HAVE_MEMORY_H 1
| #define HAVE_STRINGS_H 1
| #define HAVE_INTTYPES_H 1
| #define HAVE_STDINT_H 1
| #define HAVE_UNISTD_H 1
| #define HAVE_ALLOCA_H 1
| #define HAVE_ALLOCA 1
| #define HAVE_ARPA_INET_H 1
| #define HAVE_FCNTL_H 1
| #define HAVE_INTTYPES_H 1
| #define HAVE_LIMITS_H 1
| #define HAVE_MALLOC_H 1
| #define HAVE_MEMORY_H 1
| #define HAVE_NETDB_H 1
| #define HAVE_NETINET_IN_H 1
| #define HAVE_STDDEF_H 1
| #define HAVE_STDINT_H 1
| #define HAVE_STDLIB_H 1
| #define HAVE_STRING_H 1
| #define HAVE_STRINGS_H 1
| #define HAVE_SYS_FILE_H 1
| #define HAVE_SYS_IOCTL_H 1
| #define HAVE_SYS_SOCKET_H 1
| #define HAVE_SYS_STATFS_H 1
| #define HAVE_SYS_STATVFS_H 1
| #define HAVE_SYS_TIME_H 1
| #define HAVE_SYS_TIMEB_H 1
| #define HAVE_UNISTD_H 1
| #define HAVE_WCHAR_H 1
| #define HAVE__BOOL 1
| #define restrict __restrict
| #define HAVE_PTRDIFF_T 1
| /* end confdefs.h.  */
| #include <stdio.h>
| #ifdef HAVE_SYS_TYPES_H
| # include <sys/types.h>
| #endif
| #ifdef HAVE_SYS_STAT_H
| # include <sys/stat.h>
| #endif
| #ifdef STDC_HEADERS
| # include <stdlib.h>
| # include <stddef.h>
| #else
| # ifdef HAVE_STDLIB_H
| #  include <stdlib.h>
| # endif
| #endif
| #ifdef HAVE_STRING_H
| # if !defined STDC_HEADERS && defined HAVE_MEMORY_H
| #  include <memory.h>
| # endif
| # include <string.h>
| #endif
| #ifdef HAVE_STRINGS_H
| # include <strings.h>
| #endif
| #ifdef HAVE_INTTYPES_H
| # include <inttypes.h>
| #endif
| #ifdef HAVE_STDINT_H
| # include <stdint.h>
| #endif
| #ifdef HAVE_UNISTD_H
| # include <unistd.h>
| #endif
| #include <vfork.h>
configure:5919: result: no
configure:5919: checking vfork.h presence
configure:5919: gcc -E  conftest.c
conftest.c:53:19: fatal error: vfork.h: No such file or directory
 #include <vfork.h>
                   ^
compilation terminated.
configure:5919: $? = 1
configure: failed program was:
| /* confdefs.h */
| #define PACKAGE_NAME "MSCommon"
| #define PACKAGE_TARNAME "mscommon"
| #define PACKAGE_VERSION "1.0.1"
| #define PACKAGE_STRING "MSCommon 1.0.1"
| #define PACKAGE_BUGREPORT ""
| #define PACKAGE_URL ""
| #define PACKAGE "mscommon"
| #define VERSION "1.0.1"
| #define HAVE_LIBDL 1
| #define HAVE_LIBHIREDIS 1
| #define HAVE_LIBNSL 1
| #define HAVE_LIBPTHREAD 1
| #define HAVE_LIBRT 1
| #define STDC_HEADERS 1
| #define HAVE_SYS_TYPES_H 1
| #define HAVE_SYS_STAT_H 1
| #define HAVE_STDLIB_H 1
| #define HAVE_STRING_H 1
| #define HAVE_MEMORY_H 1
| #define HAVE_STRINGS_H 1
| #define HAVE_INTTYPES_H 1
| #define HAVE_STDINT_H 1
| #define HAVE_UNISTD_H 1
| #define HAVE_ALLOCA_H 1
| #define HAVE_ALLOCA 1
| #define HAVE_ARPA_INET_H 1
| #define HAVE_FCNTL_H 1
| #define HAVE_INTTYPES_H 1
| #define HAVE_LIMITS_H 1
| #define HAVE_MALLOC_H 1
| #define HAVE_MEMORY_H 1
| #define HAVE_NETDB_H 1
| #define HAVE_NETINET_IN_H 1
| #define HAVE_STDDEF_H 1
| #define HAVE_STDINT_H 1
| #define HAVE_STDLIB_H 1
| #define HAVE_STRING_H 1
| #define HAVE_STRINGS_H 1
| #define HAVE_SYS_FILE_H 1
| #define HAVE_SYS_IOCTL_H 1
| #define HAVE_SYS_SOCKET_H 1
| #define HAVE_SYS_STATFS_H 1
| #define HAVE_SYS_STATVFS_H 1
| #define HAVE_SYS_TIME_H 1
| #define HAVE_SYS_TIMEB_H 1
| #define HAVE_UNISTD_H 1
| #define HAVE_WCHAR_H 1
| #define HAVE__BOOL 1
| #define restrict __restrict
| #define HAVE_PTRDIFF_T 1
| /* end confdefs.h.  */
| #include <vfork.h>
configure:5919: result: no
configure:5919: checking for vfork.h
configure:5919: result: no
configure:5932: checking for fork
configure:5932: gcc -o conftest -g -O2   conftest.c -lrt -lpthread -lnsl -lhiredis -ldl  >&5
conftest.c:76:6: warning: conflicting types for built-in function 'fork' [enabled by default]
 char fork ();
      ^
configure:5932: $? = 0
configure:5932: result: yes
configure:5932: checking for vfork
configure:5932: gcc -o conftest -g -O2   conftest.c -lrt -lpthread -lnsl -lhiredis -ldl  >&5
configure:5932: $? = 0
configure:5932: result: yes
configure:5942: checking for working fork
configure:5964: gcc -o conftest -g -O2   conftest.c -lrt -lpthread -lnsl -lhiredis -ldl  >&5
configure:5964: $? = 0
configure:5964: ./conftest
configure:5964: $? = 0
configure:5974: result: yes
configure:5995: checking for working vfork
configure:6105: result: yes
configure:6132: checking for stdlib.h
configure:6132: result: yes
configure:6142: checking for GNU libc compatible malloc
configure:6166: gcc -o conftest -g -O2   conftest.c -lrt -lpthread -lnsl -lhiredis -ldl  >&5
configure:6166: $? = 0
configure:6166: ./conftest
configure:6166: $? = 0
configure:6176: result: yes
configure:6197: checking whether time.h and sys/time.h may both be included
configure:6217: gcc -c -g -O2  conftest.c >&5
configure:6217: $? = 0
configure:6224: result: yes
configure:6238: checking for sys/time.h
configure:6238: result: yes
configure:6238: checking for unistd.h
configure:6238: result: yes
configure:6259: checking for alarm
configure:6259: gcc -o conftest -g -O2   conftest.c -lrt -lpthread -lnsl -lhiredis -ldl  >&5
configure:6259: $? = 0
configure:6259: result: yes
configure:6272: checking for working mktime
configure:6474: gcc -o conftest -g -O2   conftest.c -lrt -lpthread -lnsl -lhiredis -ldl  >&5
configure:6474: $? = 0
configure:6474: ./conftest
configure:6474: $? = 0
configure:6484: result: yes
configure:6497: checking for stdlib.h
configure:6497: result: yes
configure:6507: checking for GNU libc compatible realloc
configure:6531: gcc -o conftest -g -O2   conftest.c -lrt -lpthread -lnsl -lhiredis -ldl  >&5
configure:6531: $? = 0
configure:6531: ./conftest
configure:6531: $? = 0
configure:6541: result: yes
configure:6562: checking whether strerror_r is declared
configure:6562: gcc -c -g -O2  conftest.c >&5
configure:6562: $? = 0
configure:6562: result: yes
configure:6575: checking for strerror_r
configure:6575: gcc -o conftest -g -O2   conftest.c -lrt -lpthread -lnsl -lhiredis -ldl  >&5
configure:6575: $? = 0
configure:6575: result: yes
configure:6584: checking whether strerror_r returns char *
configure:6608: gcc -c -g -O2  conftest.c >&5
conftest.c: In function 'main':
conftest.c:105:13: error: invalid type argument of unary '*' (have 'int')
    char x = *strerror_r (0, buf, sizeof buf);
             ^
conftest.c:106:14: warning: initialization makes pointer from integer without a cast [enabled by default]
    char *p = strerror_r (0, buf, sizeof buf);
              ^
configure:6608: $? = 1
configure: failed program was:
| /* confdefs.h */
| #define PACKAGE_NAME "MSCommon"
| #define PACKAGE_TARNAME "mscommon"
| #define PACKAGE_VERSION "1.0.1"
| #define PACKAGE_STRING "MSCommon 1.0.1"
| #define PACKAGE_BUGREPORT ""
| #define PACKAGE_URL ""
| #define PACKAGE "mscommon"
| #define VERSION "1.0.1"
| #define HAVE_LIBDL 1
| #define HAVE_LIBHIREDIS 1
| #define HAVE_LIBNSL 1
| #define HAVE_LIBPTHREAD 1
| #define HAVE_LIBRT 1
| #define STDC_HEADERS 1
| #define HAVE_SYS_TYPES_H 1
| #define HAVE_SYS_STAT_H 1
| #define HAVE_STDLIB_H 1
| #define HAVE_STRING_H 1
| #define HAVE_MEMORY_H 1
| #define HAVE_STRINGS_H 1
| #define HAVE_INTTYPES_H 1
| #define HAVE_STDINT_H 1
| #define HAVE_UNISTD_H 1
| #define HAVE_ALLOCA_H 1
| #define HAVE_ALLOCA 1
| #define HAVE_ARPA_INET_H 1
| #define HAVE_FCNTL_H 1
| #define HAVE_INTTYPES_H 1
| #define HAVE_LIMITS_H 1
| #define HAVE_MALLOC_H 1
| #define HAVE_MEMORY_H 1
| #define HAVE_NETDB_H 1
| #define HAVE_NETINET_IN_H 1
| #define HAVE_STDDEF_H 1
| #define HAVE_STDINT_H 1
| #define HAVE_STDLIB_H 1
| #define HAVE_STRING_H 1
| #define HAVE_STRINGS_H 1
| #define HAVE_SYS_FILE_H 1
| #define HAVE_SYS_IOCTL_H 1
| #define HAVE_SYS_SOCKET_H 1
| #define HAVE_SYS_STATFS_H 1
| #define HAVE_SYS_STATVFS_H 1
| #define HAVE_SYS_TIME_H 1
| #define HAVE_SYS_TIMEB_H 1
| #define HAVE_UNISTD_H 1
| #define HAVE_WCHAR_H 1
| #define HAVE__BOOL 1
| #define restrict __restrict
| #define HAVE_PTRDIFF_T 1
| #define HAVE_FORK 1
| #define HAVE_VFORK 1
| #define HAVE_WORKING_VFORK 1
| #define HAVE_WORKING_FORK 1
| #define HAVE_STDLIB_H 1
| #define HAVE_MALLOC 1
| #define TIME_WITH_SYS_TIME 1
| #define HAVE_SYS_TIME_H 1
| #define HAVE_UNISTD_H 1
| #define HAVE_ALARM 1
| #define HAVE_STDLIB_H 1
| #define HAVE_REALLOC 1
| #define HAVE_DECL_STRERROR_R 1
| #define HAVE_STRERROR_R 1
| /* end confdefs.h.  */
| #include <stdio.h>
| #ifdef HAVE_SYS_TYPES_H
| # include <sys/types.h>
| #endif
| #ifdef HAVE_SYS_STAT_H
| # include <sys/stat.h>
| #endif
| #ifdef STDC_HEADERS
| # include <stdlib.h>
| # include <stddef.h>
| #else
| # ifdef HAVE_STDLIB_H
| #  include <stdlib.h>
| # endif
| #endif
| #ifdef HAVE_STRING_H
| # if !defined STDC_HEADERS && defined HAVE_MEMORY_H
| #  include <memory.h>
| # endif
| # include <string.h>
| #endif
| #ifdef HAVE_STRINGS_H
| # include <strings.h>
| #endif
| #ifdef HAVE_INTTYPES_H
| # include <inttypes.h>
| #endif
| #ifdef HAVE_STDINT_H
| # include <stdint.h>
| #endif
| #ifdef HAVE_UNISTD_H
| # include <unistd.h>
| #endif
| int
| main ()
| {
| 
| 	  char buf[100];
| 	  char x = *strerror_r (0, buf, sizeof buf);
| 	  char *p = strerror_r (0, buf, sizeof buf);
| 	  return !p || x;
| 
|   ;
|   return 0;
| }
configure:6646: result: no
configure:6657: checking for atexit
configure:6657: gcc -o conftest -g -O2   conftest.c -lrt -lpthread -lnsl -lhiredis -ldl  >&5
configure:6657: $? = 0
configure:6657: result: yes
configure:6657: checking for clock_gettime
configure:6657: gcc -o conftest -g -O2   conftest.c -lrt -lpthread -lnsl -lhiredis -ldl  >&5
configure:6657: $? = 0
configure:6657: result: yes
configure:6657: checking for dup2
configure:6657: gcc -o conftest -g -O2   conftest.c -lrt -lpthread -lnsl -lhiredis -ldl  >&5
configure:6657: $? = 0
configure:6657: result: yes
configure:6657: checking for getcwd
configure:6657: gcc -o conftest -g -O2   conftest.c -lrt -lpthread -lnsl -lhiredis -ldl  >&5
configure:6657: $? = 0
configure:6657: result: yes
configure:6657: checking for gethostbyaddr
configure:6657: gcc -o conftest -g -O2   conftest.c -lrt -lpthread -lnsl -lhiredis -ldl  >&5
configure:6657: $? = 0
configure:6657: result: yes
configure:6657: checking for gethostbyname
configure:6657: gcc -o conftest -g -O2   conftest.c -lrt -lpthread -lnsl -lhiredis -ldl  >&5
configure:6657: $? = 0
configure:6657: result: yes
configure:6657: checking for gethostname
configure:6657: gcc -o conftest -g -O2   conftest.c -lrt -lpthread -lnsl -lhiredis -ldl  >&5
configure:6657: $? = 0
configure:6657: result: yes
configure:6657: checking for gettimeofday
configure:6657: gcc -o conftest -g -O2   conftest.c -lrt -lpthread -lnsl -lhiredis -ldl  >&5
configure:6657: $? = 0
configure:6657: result: yes
configure:6657: checking for inet_ntoa
configure:6657: gcc -o conftest -g -O2   conftest.c -lrt -lpthread -lnsl -lhiredis -ldl  >&5
configure:6657: $? = 0
configure:6657: result: yes
configure:6657: checking for localtime_r
configure:6657: gcc -o conftest -g -O2   conftest.c -lrt -lpthread -lnsl -lhiredis -ldl  >&5
configure:6657: $? = 0
configure:6657: result: yes
configure:6657: checking for memmove
configure:6657: gcc -o conftest -g -O2   conftest.c -lrt -lpthread -lnsl -lhiredis -ldl  >&5
conftest.c:100:6: warning: conflicting types for built-in function 'memmove' [enabled by default]
 char memmove ();
      ^
configure:6657: $? = 0
configure:6657: result: yes
configure:6657: checking for memset
configure:6657: gcc -o conftest -g -O2   conftest.c -lrt -lpthread -lnsl -lhiredis -ldl  >&5
conftest.c:101:6: warning: conflicting types for built-in function 'memset' [enabled by default]
 char memset ();
      ^
configure:6657: $? = 0
configure:6657: result: yes
configure:6657: checking for mkdir
configure:6657: gcc -o conftest -g -O2   conftest.c -lrt -lpthread -lnsl -lhiredis -ldl  >&5
configure:6657: $? = 0
configure:6657: result: yes
configure:6657: checking for modf
configure:6657: gcc -o conftest -g -O2   conftest.c -lrt -lpthread -lnsl -lhiredis -ldl  >&5
conftest.c:103:6: warning: conflicting types for built-in function 'modf' [enabled by default]
 char modf ();
      ^
configure:6657: $? = 0
configure:6657: result: yes
configure:6657: checking for rmdir
configure:6657: gcc -o conftest -g -O2   conftest.c -lrt -lpthread -lnsl -lhiredis -ldl  >&5
configure:6657: $? = 0
configure:6657: result: yes
configure:6657: checking for select
configure:6657: gcc -o conftest -g -O2   conftest.c -lrt -lpthread -lnsl -lhiredis -ldl  >&5
configure:6657: $? = 0
configure:6657: result: yes
configure:6657: checking for socket
configure:6657: gcc -o conftest -g -O2   conftest.c -lrt -lpthread -lnsl -lhiredis -ldl  >&5
configure:6657: $? = 0
configure:6657: result: yes
configure:6657: checking for strcasecmp
configure:6657: gcc -o conftest -g -O2   conftest.c -lrt -lpthread -lnsl -lhiredis -ldl  >&5
conftest.c:107:6: warning: conflicting types for built-in function 'strcasecmp' [enabled by default]
 char strcasecmp ();
      ^
configure:6657: $? = 0
configure:6657: result: yes
configure:6657: checking for strchr
configure:6657: gcc -o conftest -g -O2   conftest.c -lrt -lpthread -lnsl -lhiredis -ldl  >&5
conftest.c:108:6: warning: conflicting types for built-in function 'strchr' [enabled by default]
 char strchr ();
      ^
configure:6657: $? = 0
configure:6657: result: yes
configure:6657: checking for strdup
configure:6657: gcc -o conftest -g -O2   conftest.c -lrt -lpthread -lnsl -lhiredis -ldl  >&5
conftest.c:109:6: warning: conflicting types for built-in function 'strdup' [enabled by default]
 char strdup ();
      ^
configure:6657: $? = 0
configure:6657: result: yes
configure:6657: checking for strerror
configure:6657: gcc -o conftest -g -O2   conftest.c -lrt -lpthread -lnsl -lhiredis -ldl  >&5
configure:6657: $? = 0
configure:6657: result: yes
configure:6657: checking for strncasecmp
configure:6657: gcc -o conftest -g -O2   conftest.c -lrt -lpthread -lnsl -lhiredis -ldl  >&5
conftest.c:111:6: warning: conflicting types for built-in function 'strncasecmp' [enabled by default]
 char strncasecmp ();
      ^
configure:6657: $? = 0
configure:6657: result: yes
configure:6657: checking for strrchr
configure:6657: gcc -o conftest -g -O2   conftest.c -lrt -lpthread -lnsl -lhiredis -ldl  >&5
conftest.c:112:6: warning: conflicting types for built-in function 'strrchr' [enabled by default]
 char strrchr ();
      ^
configure:6657: $? = 0
configure:6657: result: yes
configure:6657: checking for strstr
configure:6657: gcc -o conftest -g -O2   conftest.c -lrt -lpthread -lnsl -lhiredis -ldl  >&5
conftest.c:113:6: warning: conflicting types for built-in function 'strstr' [enabled by default]
 char strstr ();
      ^
configure:6657: $? = 0
configure:6657: result: yes
configure:6657: checking for strtol
configure:6657: gcc -o conftest -g -O2   conftest.c -lrt -lpthread -lnsl -lhiredis -ldl  >&5
configure:6657: $? = 0
configure:6657: result: yes
configure:6657: checking for strtoul
configure:6657: gcc -o conftest -g -O2   conftest.c -lrt -lpthread -lnsl -lhiredis -ldl  >&5
configure:6657: $? = 0
configure:6657: result: yes
configure:6657: checking for tzset
configure:6657: gcc -o conftest -g -O2   conftest.c -lrt -lpthread -lnsl -lhiredis -ldl  >&5
configure:6657: $? = 0
configure:6657: result: yes
configure:6778: checking that generated files are newer than configure
configure:6784: result: done
configure:6811: creating ./config.status

## ---------------------- ##
## Running config.status. ##
## ---------------------- ##

This file was extended by MSCommon config.status 1.0.1, which was
generated by GNU Autoconf 2.69.  Invocation command line was

  CONFIG_FILES    = 
  CONFIG_HEADERS  = 
  CONFIG_LINKS    = 
  CONFIG_COMMANDS = 
  $ ./config.status 

on localhost.localdomain

config.status:934: creating Makefile
config.status:934: creating config.h
config.status:1115: config.h is unchanged
config.status:1163: executing depfiles commands

## ---------------- ##
## Cache variables. ##
## ---------------- ##

ac_cv_c_compiler_gnu=yes
ac_cv_c_inline=inline
ac_cv_c_int16_t=yes
ac_cv_c_int32_t=yes
ac_cv_c_int64_t=yes
ac_cv_c_int8_t=yes
ac_cv_c_restrict=__restrict
ac_cv_c_uint16_t=yes
ac_cv_c_uint32_t=yes
ac_cv_c_uint64_t=yes
ac_cv_c_uint8_t=yes
ac_cv_cxx_compiler_gnu=yes
ac_cv_env_CCC_set=
ac_cv_env_CCC_value=
ac_cv_env_CC_set=
ac_cv_env_CC_value=
ac_cv_env_CFLAGS_set=
ac_cv_env_CFLAGS_value=
ac_cv_env_CPPFLAGS_set=
ac_cv_env_CPPFLAGS_value=
ac_cv_env_CPP_set=
ac_cv_env_CPP_value=
ac_cv_env_CXXFLAGS_set=
ac_cv_env_CXXFLAGS_value=
ac_cv_env_CXX_set=
ac_cv_env_CXX_value=
ac_cv_env_LDFLAGS_set=
ac_cv_env_LDFLAGS_value=
ac_cv_env_LIBS_set=
ac_cv_env_LIBS_value=
ac_cv_env_build_alias_set=
ac_cv_env_build_alias_value=
ac_cv_env_host_alias_set=
ac_cv_env_host_alias_value=
ac_cv_env_target_alias_set=
ac_cv_env_target_alias_value=
ac_cv_func_alarm=yes
ac_cv_func_alloca_works=yes
ac_cv_func_atexit=yes
ac_cv_func_clock_gettime=yes
ac_cv_func_dup2=yes
ac_cv_func_fork=yes
ac_cv_func_fork_works=yes
ac_cv_func_getcwd=yes
ac_cv_func_gethostbyaddr=yes
ac_cv_func_gethostbyname=yes
ac_cv_func_gethostname=yes
ac_cv_func_gettimeofday=yes
ac_cv_func_inet_ntoa=yes
ac_cv_func_localtime_r=yes
ac_cv_func_malloc_0_nonnull=yes
ac_cv_func_memmove=yes
ac_cv_func_memset=yes
ac_cv_func_mkdir=yes
ac_cv_func_modf=yes
ac_cv_func_realloc_0_nonnull=yes
ac_cv_func_rmdir=yes
ac_cv_func_select=yes
ac_cv_func_socket=yes
ac_cv_func_strcasecmp=yes
ac_cv_func_strchr=yes
ac_cv_func_strdup=yes
ac_cv_func_strerror=yes
ac_cv_func_strerror_r=yes
ac_cv_func_strerror_r_char_p=no
ac_cv_func_strncasecmp=yes
ac_cv_func_strrchr=yes
ac_cv_func_strstr=yes
ac_cv_func_strtol=yes
ac_cv_func_strtoul=yes
ac_cv_func_tzset=yes
ac_cv_func_vfork=yes
ac_cv_func_vfork_works=yes
ac_cv_func_working_mktime=yes
ac_cv_have_decl_strerror_r=yes
ac_cv_header_arpa_inet_h=yes
ac_cv_header_fcntl_h=yes
ac_cv_header_inttypes_h=yes
ac_cv_header_limits_h=yes
ac_cv_header_mach_mach_h=no
ac_cv_header_malloc_h=yes
ac_cv_header_memory_h=yes
ac_cv_header_netdb_h=yes
ac_cv_header_netinet_in_h=yes
ac_cv_header_stdbool_h=yes
ac_cv_header_stdc=yes
ac_cv_header_stddef_h=yes
ac_cv_header_stdint_h=yes
ac_cv_header_stdlib_h=yes
ac_cv_header_string_h=yes
ac_cv_header_strings_h=yes
ac_cv_header_sys_file_h=yes
ac_cv_header_sys_ioctl_h=yes
ac_cv_header_sys_socket_h=yes
ac_cv_header_sys_stat_h=yes
ac_cv_header_sys_statfs_h=yes
ac_cv_header_sys_statvfs_h=yes
ac_cv_header_sys_systeminfo_h=no
ac_cv_header_sys_time_h=yes
ac_cv_header_sys_timeb_h=yes
ac_cv_header_sys_types_h=yes
ac_cv_header_time=yes
ac_cv_header_unistd_h=yes
ac_cv_header_vfork_h=no
ac_cv_header_wchar_h=yes
ac_cv_lib_QtCore_main=no
ac_cv_lib_dl_main=yes
ac_cv_lib_error_at_line=yes
ac_cv_lib_ev_main=no
ac_cv_lib_event_main=no
ac_cv_lib_hiredis_main=yes
ac_cv_lib_ivykis_main=no
ac_cv_lib_nsl_main=yes
ac_cv_lib_pthread_main=yes
ac_cv_lib_rt_main=yes
ac_cv_lib_socket_main=no
ac_cv_objext=o
ac_cv_path_EGREP='/usr/bin/grep -E'
ac_cv_path_GREP=/usr/bin/grep
ac_cv_path_install='/usr/bin/install -c'
ac_cv_path_mkdir=/usr/bin/mkdir
ac_cv_prog_AWK=gawk
ac_cv_prog_CPP='gcc -E'
ac_cv_prog_ac_ct_CC=gcc
ac_cv_prog_ac_ct_CXX=g++
ac_cv_prog_ac_ct_RANLIB=ranlib
ac_cv_prog_cc_c89=
ac_cv_prog_cc_g=yes
ac_cv_prog_cxx_g=yes
ac_cv_prog_make_make_set=yes
ac_cv_type__Bool=yes
ac_cv_type_mode_t=yes
ac_cv_type_pid_t=yes
ac_cv_type_ptrdiff_t=yes
ac_cv_type_size_t=yes
ac_cv_type_ssize_t=yes
ac_cv_working_alloca_h=yes
am_cv_CC_dependencies_compiler_type=gcc3
am_cv_CXX_dependencies_compiler_type=gcc3
am_cv_make_support_nested_variables=yes

## ----------------- ##
## Output variables. ##
## ----------------- ##

ACLOCAL='${SHELL} /home/kevin/Projects/Teameeting-MsgServer/MsgServer/MsgServer/missing aclocal-1.13'
ALLOCA=''
AMDEPBACKSLASH='\'
AMDEP_FALSE='#'
AMDEP_TRUE=''
AMTAR='$${TAR-tar}'
AM_BACKSLASH='\'
AM_DEFAULT_V='$(AM_DEFAULT_VERBOSITY)'
AM_DEFAULT_VERBOSITY='1'
AM_V='$(V)'
AUTOCONF='${SHELL} /home/kevin/Projects/Teameeting-MsgServer/MsgServer/MsgServer/missing autoconf'
AUTOHEADER='${SHELL} /home/kevin/Projects/Teameeting-MsgServer/MsgServer/MsgServer/missing autoheader'
AUTOMAKE='${SHELL} /home/kevin/Projects/Teameeting-MsgServer/MsgServer/MsgServer/missing automake-1.13'
AWK='gawk'
CC='gcc'
CCDEPMODE='depmode=gcc3'
CFLAGS='-g -O2'
CPP='gcc -E'
CPPFLAGS=''
CXX='g++'
CXXDEPMODE='depmode=gcc3'
CXXFLAGS='-g -O2'
CYGPATH_W='echo'
DEFS='-DHAVE_CONFIG_H'
DEPDIR='.deps'
ECHO_C=''
ECHO_N='-n'
ECHO_T=''
EGREP='/usr/bin/grep -E'
EXEEXT=''
GREP='/usr/bin/grep'
INSTALL_DATA='${INSTALL} -m 644'
INSTALL_PROGRAM='${INSTALL}'
INSTALL_SCRIPT='${INSTALL}'
INSTALL_STRIP_PROGRAM='$(install_sh) -c -s'
LDFLAGS=''
LIBOBJS=''
LIBS='-lrt -lpthread -lnsl -lhiredis -ldl '
LN_S='ln -s'
LTLIBOBJS=''
MAKEINFO='${SHELL} /home/kevin/Projects/Teameeting-MsgServer/MsgServer/MsgServer/missing makeinfo'
MKDIR_P='/usr/bin/mkdir -p'
OBJEXT='o'
PACKAGE='mscommon'
PACKAGE_BUGREPORT=''
PACKAGE_NAME='MSCommon'
PACKAGE_STRING='MSCommon 1.0.1'
PACKAGE_TARNAME='mscommon'
PACKAGE_URL=''
PACKAGE_VERSION='1.0.1'
PATH_SEPARATOR=':'
RANLIB='ranlib'
SET_MAKE=''
SHELL='/bin/sh'
STRIP=''
VERSION='1.0.1'
ac_ct_CC='gcc'
ac_ct_CXX='g++'
am__EXEEXT_FALSE=''
am__EXEEXT_TRUE='#'
am__fastdepCC_FALSE='#'
am__fastdepCC_TRUE=''
am__fastdepCXX_FALSE='#'
am__fastdepCXX_TRUE=''
am__include='include'
am__isrc=''
am__leading_dot='.'
am__nodep='_no'
am__quote=''
am__tar='$${TAR-tar} chof - "$$tardir"'
am__untar='$${TAR-tar} xf -'
bindir='${exec_prefix}/bin'
build_alias=''
datadir='${datarootdir}'
datarootdir='${prefix}/share'
docdir='${datarootdir}/doc/${PACKAGE_TARNAME}'
dvidir='${docdir}'
exec_prefix='${prefix}'
host_alias=''
htmldir='${docdir}'
includedir='${prefix}/include'
infodir='${datarootdir}/info'
install_sh='${SHELL} /home/kevin/Projects/Teameeting-MsgServer/MsgServer/MsgServer/install-sh'
libdir='${exec_prefix}/lib'
libexecdir='${exec_prefix}/libexec'
localedir='${datarootdir}/locale'
localstatedir='${prefix}/var'
mandir='${datarootdir}/man'
mkdir_p='$(MKDIR_P)'
oldincludedir='/usr/include'
pdfdir='${docdir}'
prefix='/home/kevin/Projects/Teameeting-MsgServer/MsgServer/build_shell/../MsgServer/MSCommonLib'
program_transform_name='s,x,x,'
psdir='${docdir}'
sbindir='${exec_prefix}/sbin'
sharedstatedir='${prefix}/com'
sysconfdir='${prefix}/etc'
target_alias=''

## ----------- ##
## confdefs.h. ##
## ----------- ##

/* confdefs.h */
#define PACKAGE_NAME "MSCommon"
#define PACKAGE_TARNAME "mscommon"
#define PACKAGE_VERSION "1.0.1"
#define PACKAGE_STRING "MSCommon 1.0.1"
#define PACKAGE_BUGREPORT ""
#define PACKAGE_URL ""
#define PACKAGE "mscommon"
#define VERSION "1.0.1"
#define HAVE_LIBDL 1
#define HAVE_LIBHIREDIS 1
#define HAVE_LIBNSL 1
#define HAVE_LIBPTHREAD 1
#define HAVE_LIBRT 1
#define STDC_HEADERS 1
#define HAVE_SYS_TYPES_H 1
#define HAVE_SYS_STAT_H 1
#define HAVE_STDLIB_H 1
#define HAVE_STRING_H 1
#define HAVE_MEMORY_H 1
#define HAVE_STRINGS_H 1
#define HAVE_INTTYPES_H 1
#define HAVE_STDINT_H 1
#define HAVE_UNISTD_H 1
#define HAVE_ALLOCA_H 1
#define HAVE_ALLOCA 1
#define HAVE_ARPA_INET_H 1
#define HAVE_FCNTL_H 1
#define HAVE_INTTYPES_H 1
#define HAVE_LIMITS_H 1
#define HAVE_MALLOC_H 1
#define HAVE_MEMORY_H 1
#define HAVE_NETDB_H 1
#define HAVE_NETINET_IN_H 1
#define HAVE_STDDEF_H 1
#define HAVE_STDINT_H 1
#define HAVE_STDLIB_H 1
#define HAVE_STRING_H 1
#define HAVE_STRINGS_H 1
#define HAVE_SYS_FILE_H 1
#define HAVE_SYS_IOCTL_H 1
#define HAVE_SYS_SOCKET_H 1
#define HAVE_SYS_STATFS_H 1
#define HAVE_SYS_STATVFS_H 1
#define HAVE_SYS_TIME_H 1
#define HAVE_SYS_TIMEB_H 1
#define HAVE_UNISTD_H 1
#define HAVE_WCHAR_H 1
#define HAVE__BOOL 1
#define restrict __restrict
#define HAVE_PTRDIFF_T 1
#define HAVE_FORK 1
#define HAVE_VFORK 1
#define HAVE_WORKING_VFORK 1
#define HAVE_WORKING_FORK 1
#define HAVE_STDLIB_H 1
#define HAVE_MALLOC 1
#define TIME_WITH_SYS_TIME 1
#define HAVE_SYS_TIME_H 1
#define HAVE_UNISTD_H 1
#define HAVE_ALARM 1
#define HAVE_STDLIB_H 1
#define HAVE_REALLOC 1
#define HAVE_DECL_STRERROR_R 1
#define HAVE_STRERROR_R 1
#define HAVE_ATEXIT 1
#define HAVE_CLOCK_GETTIME 1
#define HAVE_DUP2 1
#define HAVE_GETCWD 1
#define HAVE_GETHOSTBYADDR 1
#define HAVE_GETHOSTBYNAME 1
#define HAVE_GETHOSTNAME 1
#define HAVE_GETTIMEOFDAY 1
#define HAVE_INET_NTOA 1
#define HAVE_LOCALTIME_R 1
#define HAVE_MEMMOVE 1
#define HAVE_MEMSET 1
#define HAVE_MKDIR 1
#define HAVE_MODF 1
#define HAVE_RMDIR 1
#define HAVE_SELECT 1
#define HAVE_SOCKET 1
#define HAVE_STRCASECMP 1
#define HAVE_STRCHR 1
#define HAVE_STRDUP 1
#define HAVE_STRERROR 1
#define HAVE_STRNCASECMP 1
#define HAVE_STRRCHR 1
#define HAVE_STRSTR 1
#define HAVE_STRTOL 1
#define HAVE_STRTOUL 1
#define HAVE_TZSET 1

configure: exit 0
