This file contains any messages produced by compilers while
running configure, to aid debugging if configure makes a mistake.

It was created by MsgServerMeeting configure 1.0.1, which was
generated by GNU Autoconf 2.69.  Invocation command line was

  $ ./configure 

## --------- ##
## Platform. ##
## --------- ##

hostname = localhost.localdomain
uname -m = x86_64
uname -r = 3.10.0-229.14.1.el7.x86_64
uname -s = Linux
uname -v = #1 SMP Tue Sep 15 15:05:51 UTC 2015

/usr/bin/uname -p = x86_64
/bin/uname -X     = unknown

/bin/arch              = x86_64
/usr/bin/arch -k       = unknown
/usr/convex/getsysinfo = unknown
/usr/bin/hostinfo      = unknown
/bin/machine           = unknown
/usr/bin/oslevel       = unknown
/bin/universe          = unknown

PATH: /home/kevin/depot_tools
PATH: /usr/local/bin
PATH: /usr/local/sbin
PATH: /usr/bin
PATH: /usr/sbin
PATH: /bin
PATH: /sbin
PATH: /home/kevin/.local/bin
PATH: /home/kevin/bin
PATH: /usr/java/jdk1.7.0_80/bin


## ----------- ##
## Core tests. ##
## ----------- ##

configure:2286: checking for a BSD-compatible install
configure:2354: result: /usr/bin/install -c
configure:2365: checking whether build environment is sane
configure:2420: result: yes
configure:2571: checking for a thread-safe mkdir -p
configure:2610: result: /usr/bin/mkdir -p
configure:2617: checking for gawk
configure:2633: found /usr/bin/gawk
configure:2644: result: gawk
configure:2655: checking whether make sets $(MAKE)
configure:2677: result: yes
configure:2706: checking whether make supports nested variables
configure:2723: result: yes
configure:2870: checking for g++
configure:2886: found /usr/bin/g++
configure:2897: result: g++
configure:2924: checking for C++ compiler version
configure:2933: g++ --version >&5
g++ (GCC) 4.8.5 20150623 (Red Hat 4.8.5-4)
Copyright (C) 2015 Free Software Foundation, Inc.
This is free software; see the source for copying conditions.  There is NO
warranty; not even for MERCHANTABILITY or FITNESS FOR A PARTICULAR PURPOSE.

configure:2944: $? = 0
configure:2933: g++ -v >&5
Using built-in specs.
COLLECT_GCC=g++
COLLECT_LTO_WRAPPER=/usr/libexec/gcc/x86_64-redhat-linux/4.8.5/lto-wrapper
Target: x86_64-redhat-linux
Configured with: ../configure --prefix=/usr --mandir=/usr/share/man --infodir=/usr/share/info --with-bugurl=http://bugzilla.redhat.com/bugzilla --enable-bootstrap --enable-shared --enable-threads=posix --enable-checking=release --with-system-zlib --enable-__cxa_atexit --disable-libunwind-exceptions --enable-gnu-unique-object --enable-linker-build-id --with-linker-hash-style=gnu --enable-languages=c,c++,objc,obj-c++,java,fortran,ada,go,lto --enable-plugin --enable-initfini-array --disable-libgcj --with-isl=/builddir/build/BUILD/gcc-4.8.5-20150702/obj-x86_64-redhat-linux/isl-install --with-cloog=/builddir/build/BUILD/gcc-4.8.5-20150702/obj-x86_64-redhat-linux/cloog-install --enable-gnu-indirect-function --with-tune=generic --with-arch_32=x86-64 --build=x86_64-redhat-linux
Thread model: posix
gcc version 4.8.5 20150623 (Red Hat 4.8.5-4) (GCC) 
configure:2944: $? = 0
configure:2933: g++ -V >&5
g++: error: unrecognized command line option '-V'
g++: fatal error: no input files
compilation terminated.
configure:2944: $? = 4
configure:2933: g++ -qversion >&5
g++: error: unrecognized command line option '-qversion'
g++: fatal error: no input files
compilation terminated.
configure:2944: $? = 4
configure:2964: checking whether the C++ compiler works
configure:2986: g++ -g   conftest.cpp  >&5
configure:2990: $? = 0
configure:3038: result: yes
configure:3041: checking for C++ compiler default output file name
configure:3043: result: a.out
configure:3049: checking for suffix of executables
configure:3056: g++ -o conftest -g   conftest.cpp  >&5
configure:3060: $? = 0
configure:3082: result: 
configure:3104: checking whether we are cross compiling
configure:3112: g++ -o conftest -g   conftest.cpp  >&5
configure:3116: $? = 0
configure:3123: ./conftest
configure:3127: $? = 0
configure:3142: result: no
configure:3147: checking for suffix of object files
configure:3169: g++ -c -g  conftest.cpp >&5
configure:3173: $? = 0
configure:3194: result: o
configure:3198: checking whether we are using the GNU C++ compiler
configure:3217: g++ -c -g  conftest.cpp >&5
configure:3217: $? = 0
configure:3226: result: yes
configure:3235: checking whether g++ accepts -g
configure:3255: g++ -c -g  conftest.cpp >&5
configure:3255: $? = 0
configure:3296: result: yes
configure:3330: checking for style of include used by make
configure:3358: result: GNU
configure:3384: checking dependency style of g++
configure:3495: result: gcc3
configure:3558: checking for gcc
configure:3574: found /usr/bin/gcc
configure:3585: result: gcc
configure:3814: checking for C compiler version
configure:3823: gcc --version >&5
gcc (GCC) 4.8.5 20150623 (Red Hat 4.8.5-4)
Copyright (C) 2015 Free Software Foundation, Inc.
This is free software; see the source for copying conditions.  There is NO
warranty; not even for MERCHANTABILITY or FITNESS FOR A PARTICULAR PURPOSE.

configure:3834: $? = 0
configure:3823: gcc -v >&5
Using built-in specs.
COLLECT_GCC=gcc
COLLECT_LTO_WRAPPER=/usr/libexec/gcc/x86_64-redhat-linux/4.8.5/lto-wrapper
Target: x86_64-redhat-linux
Configured with: ../configure --prefix=/usr --mandir=/usr/share/man --infodir=/usr/share/info --with-bugurl=http://bugzilla.redhat.com/bugzilla --enable-bootstrap --enable-shared --enable-threads=posix --enable-checking=release --with-system-zlib --enable-__cxa_atexit --disable-libunwind-exceptions --enable-gnu-unique-object --enable-linker-build-id --with-linker-hash-style=gnu --enable-languages=c,c++,objc,obj-c++,java,fortran,ada,go,lto --enable-plugin --enable-initfini-array --disable-libgcj --with-isl=/builddir/build/BUILD/gcc-4.8.5-20150702/obj-x86_64-redhat-linux/isl-install --with-cloog=/builddir/build/BUILD/gcc-4.8.5-20150702/obj-x86_64-redhat-linux/cloog-install --enable-gnu-indirect-function --with-tune=generic --with-arch_32=x86-64 --build=x86_64-redhat-linux
Thread model: posix
gcc version 4.8.5 20150623 (Red Hat 4.8.5-4) (GCC) 
configure:3834: $? = 0
configure:3823: gcc -V >&5
gcc: error: unrecognized command line option '-V'
gcc: fatal error: no input files
compilation terminated.
configure:3834: $? = 4
configure:3823: gcc -qversion >&5
gcc: error: unrecognized command line option '-qversion'
gcc: fatal error: no input files
compilation terminated.
configure:3834: $? = 4
configure:3838: checking whether we are using the GNU C compiler
configure:3857: gcc -c   conftest.c >&5
configure:3857: $? = 0
configure:3866: result: yes
configure:3875: checking whether gcc accepts -g
configure:3895: gcc -c -g  conftest.c >&5
configure:3895: $? = 0
configure:3936: result: yes
configure:3953: checking for gcc option to accept ISO C89
configure:4016: gcc  -c -g -O2  conftest.c >&5
configure:4016: $? = 0
configure:4029: result: none needed
configure:4051: checking dependency style of gcc
configure:4162: result: gcc3
configure:4188: checking how to run the C preprocessor
configure:4219: gcc -E  conftest.c
configure:4219: $? = 0
configure:4233: gcc -E  conftest.c
conftest.c:11:28: fatal error: ac_nonexistent.h: No such file or directory
 #include <ac_nonexistent.h>
                            ^
compilation terminated.
configure:4233: $? = 1
configure: failed program was:
| /* confdefs.h */
| #define PACKAGE_NAME "MsgServerMeeting"
| #define PACKAGE_TARNAME "msgservermeeting"
| #define PACKAGE_VERSION "1.0.1"
| #define PACKAGE_STRING "MsgServerMeeting 1.0.1"
| #define PACKAGE_BUGREPORT ""
| #define PACKAGE_URL ""
| #define PACKAGE "msgservermeeting"
| #define VERSION "1.0.1"
| /* end confdefs.h.  */
| #include <ac_nonexistent.h>
configure:4258: result: gcc -E
configure:4278: gcc -E  conftest.c
configure:4278: $? = 0
configure:4292: gcc -E  conftest.c
conftest.c:11:28: fatal error: ac_nonexistent.h: No such file or directory
 #include <ac_nonexistent.h>
                            ^
compilation terminated.
configure:4292: $? = 1
configure: failed program was:
| /* confdefs.h */
| #define PACKAGE_NAME "MsgServerMeeting"
| #define PACKAGE_TARNAME "msgservermeeting"
| #define PACKAGE_VERSION "1.0.1"
| #define PACKAGE_STRING "MsgServerMeeting 1.0.1"
| #define PACKAGE_BUGREPORT ""
| #define PACKAGE_URL ""
| #define PACKAGE "msgservermeeting"
| #define VERSION "1.0.1"
| /* end confdefs.h.  */
| #include <ac_nonexistent.h>
configure:4321: checking for grep that handles long lines and -e
configure:4379: result: /usr/bin/grep
configure:4384: checking for egrep
configure:4446: result: /usr/bin/grep -E
configure:4451: checking for ANSI C header files
configure:4471: gcc -c -g -O2  conftest.c >&5
configure:4471: $? = 0
configure:4544: gcc -o conftest -g -O2   conftest.c  >&5
configure:4544: $? = 0
configure:4544: ./conftest
configure:4544: $? = 0
configure:4555: result: yes
configure:4568: checking for sys/types.h
configure:4568: gcc -c -g -O2  conftest.c >&5
configure:4568: $? = 0
configure:4568: result: yes
configure:4568: checking for sys/stat.h
configure:4568: gcc -c -g -O2  conftest.c >&5
configure:4568: $? = 0
configure:4568: result: yes
configure:4568: checking for stdlib.h
configure:4568: gcc -c -g -O2  conftest.c >&5
configure:4568: $? = 0
configure:4568: result: yes
configure:4568: checking for string.h
configure:4568: gcc -c -g -O2  conftest.c >&5
configure:4568: $? = 0
configure:4568: result: yes
configure:4568: checking for memory.h
configure:4568: gcc -c -g -O2  conftest.c >&5
configure:4568: $? = 0
configure:4568: result: yes
configure:4568: checking for strings.h
configure:4568: gcc -c -g -O2  conftest.c >&5
configure:4568: $? = 0
configure:4568: result: yes
configure:4568: checking for inttypes.h
configure:4568: gcc -c -g -O2  conftest.c >&5
configure:4568: $? = 0
configure:4568: result: yes
configure:4568: checking for stdint.h
configure:4568: gcc -c -g -O2  conftest.c >&5
configure:4568: $? = 0
configure:4568: result: yes
configure:4568: checking for unistd.h
configure:4568: gcc -c -g -O2  conftest.c >&5
configure:4568: $? = 0
configure:4568: result: yes
configure:4582: checking for stdlib.h
configure:4582: result: yes
configure:4594: checking for stdbool.h that conforms to C99
configure:4661: gcc -c -g -O2  conftest.c >&5
configure:4661: $? = 0
configure:4668: result: yes
configure:4670: checking for _Bool
configure:4670: gcc -c -g -O2  conftest.c >&5
configure:4670: $? = 0
configure:4670: gcc -c -g -O2  conftest.c >&5
conftest.c: In function 'main':
conftest.c:58:20: error: expected expression before ')' token
 if (sizeof ((_Bool)))
                    ^
configure:4670: $? = 1
configure: failed program was:
| /* confdefs.h */
| #define PACKAGE_NAME "MsgServerMeeting"
| #define PACKAGE_TARNAME "msgservermeeting"
| #define PACKAGE_VERSION "1.0.1"
| #define PACKAGE_STRING "MsgServerMeeting 1.0.1"
| #define PACKAGE_BUGREPORT ""
| #define PACKAGE_URL ""
| #define PACKAGE "msgservermeeting"
| #define VERSION "1.0.1"
| #define STDC_HEADERS 1
| #define HAVE_SYS_TYPES_H 1
| #define HAVE_SYS_STAT_H 1
| #define HAVE_STDLIB_H 1
| #define HAVE_STRING_H 1
| #define HAVE_MEMORY_H 1
| #define HAVE_STRINGS_H 1
| #define HAVE_INTTYPES_H 1
| #define HAVE_STDINT_H 1
| #define HAVE_UNISTD_H 1
| #define HAVE_STDLIB_H 1
| /* end confdefs.h.  */
| #include <stdio.h>
| #ifdef HAVE_SYS_TYPES_H
| # include <sys/types.h>
| #endif
| #ifdef HAVE_SYS_STAT_H
| # include <sys/stat.h>
| #endif
| #ifdef STDC_HEADERS
| # include <stdlib.h>
| # include <stddef.h>
| #else
| # ifdef HAVE_STDLIB_H
| #  include <stdlib.h>
| # endif
| #endif
| #ifdef HAVE_STRING_H
| # if !defined STDC_HEADERS && defined HAVE_MEMORY_H
| #  include <memory.h>
| # endif
| # include <string.h>
| #endif
| #ifdef HAVE_STRINGS_H
| # include <strings.h>
| #endif
| #ifdef HAVE_INTTYPES_H
| # include <inttypes.h>
| #endif
| #ifdef HAVE_STDINT_H
| # include <stdint.h>
| #endif
| #ifdef HAVE_UNISTD_H
| # include <unistd.h>
| #endif
| int
| main ()
| {
| if (sizeof ((_Bool)))
| 	    return 0;
|   ;
|   return 0;
| }
configure:4670: result: yes
configure:4685: checking for stdlib.h
configure:4685: result: yes
configure:4695: checking for GNU libc compatible realloc
configure:4719: gcc -o conftest -g -O2   conftest.c  >&5
configure:4719: $? = 0
configure:4719: ./conftest
configure:4719: $? = 0
configure:4729: result: yes
configure:4753: checking for memmove
configure:4753: gcc -o conftest -g -O2   conftest.c  >&5
conftest.c:48:6: warning: conflicting types for built-in function 'memmove' [enabled by default]
 char memmove ();
      ^
configure:4753: $? = 0
configure:4753: result: yes
configure:4753: checking for memset
configure:4753: gcc -o conftest -g -O2   conftest.c  >&5
conftest.c:49:6: warning: conflicting types for built-in function 'memset' [enabled by default]
 char memset ();
      ^
configure:4753: $? = 0
configure:4753: result: yes
configure:4753: checking for select
configure:4753: gcc -o conftest -g -O2   conftest.c  >&5
configure:4753: $? = 0
configure:4753: result: yes
configure:4753: checking for strtol
configure:4753: gcc -o conftest -g -O2   conftest.c  >&5
configure:4753: $? = 0
configure:4753: result: yes
configure:4874: checking that generated files are newer than configure
configure:4880: result: done
configure:4907: creating ./config.status

## ---------------------- ##
## Running config.status. ##
## ---------------------- ##

This file was extended by MsgServerMeeting config.status 1.0.1, which was
generated by GNU Autoconf 2.69.  Invocation command line was

  CONFIG_FILES    = 
  CONFIG_HEADERS  = 
  CONFIG_LINKS    = 
  CONFIG_COMMANDS = 
  $ ./config.status 

on localhost.localdomain

config.status:866: creating Makefile
config.status:866: creating config.h
config.status:1047: config.h is unchanged
config.status:1095: executing depfiles commands

## ---------------- ##
## Cache variables. ##
## ---------------- ##

ac_cv_c_compiler_gnu=yes
ac_cv_cxx_compiler_gnu=yes
ac_cv_env_CCC_set=
ac_cv_env_CCC_value=
ac_cv_env_CC_set=
ac_cv_env_CC_value=
ac_cv_env_CFLAGS_set=
ac_cv_env_CFLAGS_value=
ac_cv_env_CPPFLAGS_set=
ac_cv_env_CPPFLAGS_value=
ac_cv_env_CPP_set=
ac_cv_env_CPP_value=
ac_cv_env_CXXFLAGS_set=
ac_cv_env_CXXFLAGS_value=
ac_cv_env_CXX_set=
ac_cv_env_CXX_value=
ac_cv_env_LDFLAGS_set=
ac_cv_env_LDFLAGS_value=
ac_cv_env_LIBS_set=
ac_cv_env_LIBS_value=
ac_cv_env_build_alias_set=
ac_cv_env_build_alias_value=
ac_cv_env_host_alias_set=
ac_cv_env_host_alias_value=
ac_cv_env_target_alias_set=
ac_cv_env_target_alias_value=
ac_cv_func_memmove=yes
ac_cv_func_memset=yes
ac_cv_func_realloc_0_nonnull=yes
ac_cv_func_select=yes
ac_cv_func_strtol=yes
ac_cv_header_inttypes_h=yes
ac_cv_header_memory_h=yes
ac_cv_header_stdbool_h=yes
ac_cv_header_stdc=yes
ac_cv_header_stdint_h=yes
ac_cv_header_stdlib_h=yes
ac_cv_header_string_h=yes
ac_cv_header_strings_h=yes
ac_cv_header_sys_stat_h=yes
ac_cv_header_sys_types_h=yes
ac_cv_header_unistd_h=yes
ac_cv_objext=o
ac_cv_path_EGREP='/usr/bin/grep -E'
ac_cv_path_GREP=/usr/bin/grep
ac_cv_path_install='/usr/bin/install -c'
ac_cv_path_mkdir=/usr/bin/mkdir
ac_cv_prog_AWK=gawk
ac_cv_prog_CPP='gcc -E'
ac_cv_prog_ac_ct_CC=gcc
ac_cv_prog_ac_ct_CXX=g++
ac_cv_prog_cc_c89=
ac_cv_prog_cc_g=yes
ac_cv_prog_cxx_g=yes
ac_cv_prog_make_make_set=yes
ac_cv_type__Bool=yes
am_cv_CC_dependencies_compiler_type=gcc3
am_cv_CXX_dependencies_compiler_type=gcc3
am_cv_make_support_nested_variables=yes

## ----------------- ##
## Output variables. ##
## ----------------- ##

ACLOCAL='${SHELL} /home/kevin/Projects/Teameeting-MsgServer/MsgServer/MsgServerMeeting/missing aclocal-1.13'
AMDEPBACKSLASH='\'
AMDEP_FALSE='#'
AMDEP_TRUE=''
AMTAR='$${TAR-tar}'
AM_BACKSLASH='\'
AM_DEFAULT_V='$(AM_DEFAULT_VERBOSITY)'
AM_DEFAULT_VERBOSITY='1'
AM_V='$(V)'
AUTOCONF='${SHELL} /home/kevin/Projects/Teameeting-MsgServer/MsgServer/MsgServerMeeting/missing autoconf'
AUTOHEADER='${SHELL} /home/kevin/Projects/Teameeting-MsgServer/MsgServer/MsgServerMeeting/missing autoheader'
AUTOMAKE='${SHELL} /home/kevin/Projects/Teameeting-MsgServer/MsgServer/MsgServerMeeting/missing automake-1.13'
AWK='gawk'
CC='gcc'
CCDEPMODE='depmode=gcc3'
CFLAGS='-g -O2'
CPP='gcc -E'
CPPFLAGS=''
CXX='g++'
CXXDEPMODE='depmode=gcc3'
CXXFLAGS='-g'
CYGPATH_W='echo'
DEFS='-DHAVE_CONFIG_H'
DEPDIR='.deps'
ECHO_C=''
ECHO_N='-n'
ECHO_T=''
EGREP='/usr/bin/grep -E'
EXEEXT=''
GREP='/usr/bin/grep'
INSTALL_DATA='${INSTALL} -m 644'
INSTALL_PROGRAM='${INSTALL}'
INSTALL_SCRIPT='${INSTALL}'
INSTALL_STRIP_PROGRAM='$(install_sh) -c -s'
LDFLAGS=''
LIBOBJS=''
LIBS=''
LTLIBOBJS=''
MAKEINFO='${SHELL} /home/kevin/Projects/Teameeting-MsgServer/MsgServer/MsgServerMeeting/missing makeinfo'
MKDIR_P='/usr/bin/mkdir -p'
OBJEXT='o'
PACKAGE='msgservermeeting'
PACKAGE_BUGREPORT=''
PACKAGE_NAME='MsgServerMeeting'
PACKAGE_STRING='MsgServerMeeting 1.0.1'
PACKAGE_TARNAME='msgservermeeting'
PACKAGE_URL=''
PACKAGE_VERSION='1.0.1'
PATH_SEPARATOR=':'
SET_MAKE=''
SHELL='/bin/sh'
STRIP=''
VERSION='1.0.1'
ac_ct_CC='gcc'
ac_ct_CXX='g++'
am__EXEEXT_FALSE=''
am__EXEEXT_TRUE='#'
am__fastdepCC_FALSE='#'
am__fastdepCC_TRUE=''
am__fastdepCXX_FALSE='#'
am__fastdepCXX_TRUE=''
am__include='include'
am__isrc=''
am__leading_dot='.'
am__nodep='_no'
am__quote=''
am__tar='$${TAR-tar} chof - "$$tardir"'
am__untar='$${TAR-tar} xf -'
bindir='${exec_prefix}/bin'
build_alias=''
datadir='${datarootdir}'
datarootdir='${prefix}/share'
docdir='${datarootdir}/doc/${PACKAGE_TARNAME}'
dvidir='${docdir}'
exec_prefix='${prefix}'
host_alias=''
htmldir='${docdir}'
includedir='${prefix}/include'
infodir='${datarootdir}/info'
install_sh='${SHELL} /home/kevin/Projects/Teameeting-MsgServer/MsgServer/MsgServerMeeting/install-sh'
libdir='${exec_prefix}/lib'
libexecdir='${exec_prefix}/libexec'
localedir='${datarootdir}/locale'
localstatedir='${prefix}/var'
mandir='${datarootdir}/man'
mkdir_p='$(MKDIR_P)'
oldincludedir='/usr/include'
pdfdir='${docdir}'
prefix='/usr/local'
program_transform_name='s,x,x,'
psdir='${docdir}'
sbindir='${exec_prefix}/sbin'
sharedstatedir='${prefix}/com'
sysconfdir='${prefix}/etc'
target_alias=''

## ----------- ##
## confdefs.h. ##
## ----------- ##

/* confdefs.h */
#define PACKAGE_NAME "MsgServerMeeting"
#define PACKAGE_TARNAME "msgservermeeting"
#define PACKAGE_VERSION "1.0.1"
#define PACKAGE_STRING "MsgServerMeeting 1.0.1"
#define PACKAGE_BUGREPORT ""
#define PACKAGE_URL ""
#define PACKAGE "msgservermeeting"
#define VERSION "1.0.1"
#define STDC_HEADERS 1
#define HAVE_SYS_TYPES_H 1
#define HAVE_SYS_STAT_H 1
#define HAVE_STDLIB_H 1
#define HAVE_STRING_H 1
#define HAVE_MEMORY_H 1
#define HAVE_STRINGS_H 1
#define HAVE_INTTYPES_H 1
#define HAVE_STDINT_H 1
#define HAVE_UNISTD_H 1
#define HAVE_STDLIB_H 1
#define HAVE__BOOL 1
#define HAVE_STDLIB_H 1
#define HAVE_REALLOC 1
#define HAVE_MEMMOVE 1
#define HAVE_MEMSET 1
#define HAVE_SELECT 1
#define HAVE_STRTOL 1

configure: exit 0
